[0.078s] DEBUG:colcon:Command line arguments: ['/usr/bin/colcon', 'build', '--symlink-install']
[0.078s] DEBUG:colcon:Parsed command line arguments: Namespace(allow_overriding=[], ament_cmake_args=None, base_paths=['.'], build_base='build', catkin_cmake_args=None, catkin_skip_building_tests=False, cmake_args=None, cmake_clean_cache=False, cmake_clean_first=False, cmake_force_configure=False, cmake_target=None, cmake_target_skip_unavailable=False, continue_on_error=False, event_handlers=None, executor='parallel', ignore_user_meta=False, install_base='install', log_base=None, log_level=None, main=<bound method BuildVerb.main of <colcon_core.verb.build.BuildVerb object at 0xffff8b814ac0>>, merge_install=False, metas=['./colcon.meta'], packages_above=None, packages_above_and_dependencies=None, packages_above_depth=None, packages_end=None, packages_ignore=None, packages_ignore_regex=None, packages_select=None, packages_select_build_failed=False, packages_select_by_dep=None, packages_select_regex=None, packages_select_test_failures=False, packages_skip=None, packages_skip_build_finished=False, packages_skip_by_dep=None, packages_skip_regex=None, packages_skip_test_passed=False, packages_skip_up_to=None, packages_start=None, packages_up_to=None, packages_up_to_regex=None, parallel_workers=4, paths=None, symlink_install=True, test_result_base=None, verb_extension=<colcon_core.verb.build.BuildVerb object at 0xffff8b814ac0>, verb_name='build', verb_parser=<colcon_defaults.argument_parser.defaults.DefaultArgumentsDecorator object at 0xffff8b81d070>)
[0.091s] Level 1:colcon.colcon_core.package_discovery:discover_packages(colcon_meta) check parameters
[0.091s] Level 1:colcon.colcon_core.package_discovery:discover_packages(recursive) check parameters
[0.091s] Level 1:colcon.colcon_core.package_discovery:discover_packages(ignore) check parameters
[0.091s] Level 1:colcon.colcon_core.package_discovery:discover_packages(path) check parameters
[0.091s] Level 1:colcon.colcon_core.package_discovery:discover_packages(colcon_meta) discover
[0.091s] Level 1:colcon.colcon_core.package_discovery:discover_packages(recursive) discover
[0.091s] INFO:colcon.colcon_core.package_discovery:Crawling recursively for packages in '/home/jimmy/dev_ws'
[0.091s] Level 1:colcon.colcon_core.package_identification:_identify(.) by extensions ['ignore', 'ignore_ament_install']
[0.091s] Level 1:colcon.colcon_core.package_identification:_identify(.) by extension 'ignore'
[0.091s] Level 1:colcon.colcon_core.package_identification:_identify(.) by extension 'ignore_ament_install'
[0.091s] Level 1:colcon.colcon_core.package_identification:_identify(.) by extensions ['colcon_pkg']
[0.091s] Level 1:colcon.colcon_core.package_identification:_identify(.) by extension 'colcon_pkg'
[0.091s] Level 1:colcon.colcon_core.package_identification:_identify(.) by extensions ['colcon_meta']
[0.091s] Level 1:colcon.colcon_core.package_identification:_identify(.) by extension 'colcon_meta'
[0.091s] Level 1:colcon.colcon_core.package_identification:_identify(.) by extensions ['ros']
[0.091s] Level 1:colcon.colcon_core.package_identification:_identify(.) by extension 'ros'
[0.106s] Level 1:colcon.colcon_core.package_identification:_identify(.) by extensions ['cmake', 'python']
[0.106s] Level 1:colcon.colcon_core.package_identification:_identify(.) by extension 'cmake'
[0.106s] Level 1:colcon.colcon_core.package_identification:_identify(.) by extension 'python'
[0.106s] Level 1:colcon.colcon_core.package_identification:_identify(.) by extensions ['python_setup_py']
[0.106s] Level 1:colcon.colcon_core.package_identification:_identify(.) by extension 'python_setup_py'
[0.107s] Level 1:colcon.colcon_core.package_identification:_identify(build) by extensions ['ignore', 'ignore_ament_install']
[0.107s] Level 1:colcon.colcon_core.package_identification:_identify(build) by extension 'ignore'
[0.107s] Level 1:colcon.colcon_core.package_identification:_identify(build) ignored
[0.107s] Level 1:colcon.colcon_core.package_identification:_identify(install) by extensions ['ignore', 'ignore_ament_install']
[0.107s] Level 1:colcon.colcon_core.package_identification:_identify(install) by extension 'ignore'
[0.107s] Level 1:colcon.colcon_core.package_identification:_identify(install) ignored
[0.107s] Level 1:colcon.colcon_core.package_identification:_identify(log) by extensions ['ignore', 'ignore_ament_install']
[0.107s] Level 1:colcon.colcon_core.package_identification:_identify(log) by extension 'ignore'
[0.107s] Level 1:colcon.colcon_core.package_identification:_identify(log) ignored
[0.107s] Level 1:colcon.colcon_core.package_identification:_identify(src) by extensions ['ignore', 'ignore_ament_install']
[0.107s] Level 1:colcon.colcon_core.package_identification:_identify(src) by extension 'ignore'
[0.107s] Level 1:colcon.colcon_core.package_identification:_identify(src) by extension 'ignore_ament_install'
[0.107s] Level 1:colcon.colcon_core.package_identification:_identify(src) by extensions ['colcon_pkg']
[0.107s] Level 1:colcon.colcon_core.package_identification:_identify(src) by extension 'colcon_pkg'
[0.107s] Level 1:colcon.colcon_core.package_identification:_identify(src) by extensions ['colcon_meta']
[0.107s] Level 1:colcon.colcon_core.package_identification:_identify(src) by extension 'colcon_meta'
[0.107s] Level 1:colcon.colcon_core.package_identification:_identify(src) by extensions ['ros']
[0.107s] Level 1:colcon.colcon_core.package_identification:_identify(src) by extension 'ros'
[0.107s] Level 1:colcon.colcon_core.package_identification:_identify(src) by extensions ['cmake', 'python']
[0.107s] Level 1:colcon.colcon_core.package_identification:_identify(src) by extension 'cmake'
[0.107s] Level 1:colcon.colcon_core.package_identification:_identify(src) by extension 'python'
[0.107s] Level 1:colcon.colcon_core.package_identification:_identify(src) by extensions ['python_setup_py']
[0.107s] Level 1:colcon.colcon_core.package_identification:_identify(src) by extension 'python_setup_py'
[0.107s] Level 1:colcon.colcon_core.package_identification:_identify(src/my_bot) by extensions ['ignore', 'ignore_ament_install']
[0.108s] Level 1:colcon.colcon_core.package_identification:_identify(src/my_bot) by extension 'ignore'
[0.108s] Level 1:colcon.colcon_core.package_identification:_identify(src/my_bot) by extension 'ignore_ament_install'
[0.108s] Level 1:colcon.colcon_core.package_identification:_identify(src/my_bot) by extensions ['colcon_pkg']
[0.108s] Level 1:colcon.colcon_core.package_identification:_identify(src/my_bot) by extension 'colcon_pkg'
[0.108s] Level 1:colcon.colcon_core.package_identification:_identify(src/my_bot) by extensions ['colcon_meta']
[0.108s] Level 1:colcon.colcon_core.package_identification:_identify(src/my_bot) by extension 'colcon_meta'
[0.108s] Level 1:colcon.colcon_core.package_identification:_identify(src/my_bot) by extensions ['ros']
[0.108s] Level 1:colcon.colcon_core.package_identification:_identify(src/my_bot) by extension 'ros'
[0.109s] DEBUG:colcon.colcon_core.package_identification:Package 'src/my_bot' with type 'ros.ament_cmake' and name 'my_bot'
[0.109s] Level 1:colcon.colcon_core.package_identification:_identify(src/my_package) by extensions ['ignore', 'ignore_ament_install']
[0.109s] Level 1:colcon.colcon_core.package_identification:_identify(src/my_package) by extension 'ignore'
[0.109s] Level 1:colcon.colcon_core.package_identification:_identify(src/my_package) by extension 'ignore_ament_install'
[0.109s] Level 1:colcon.colcon_core.package_identification:_identify(src/my_package) by extensions ['colcon_pkg']
[0.109s] Level 1:colcon.colcon_core.package_identification:_identify(src/my_package) by extension 'colcon_pkg'
[0.109s] Level 1:colcon.colcon_core.package_identification:_identify(src/my_package) by extensions ['colcon_meta']
[0.109s] Level 1:colcon.colcon_core.package_identification:_identify(src/my_package) by extension 'colcon_meta'
[0.109s] Level 1:colcon.colcon_core.package_identification:_identify(src/my_package) by extensions ['ros']
[0.109s] Level 1:colcon.colcon_core.package_identification:_identify(src/my_package) by extension 'ros'
[0.110s] DEBUG:colcon.colcon_core.package_identification:Package 'src/my_package' with type 'ros.ament_cmake' and name 'my_package'
[0.110s] Level 1:colcon.colcon_core.package_discovery:discover_packages(recursive) using defaults
[0.110s] Level 1:colcon.colcon_core.package_discovery:discover_packages(ignore) discover
[0.110s] Level 1:colcon.colcon_core.package_discovery:discover_packages(ignore) using defaults
[0.110s] Level 1:colcon.colcon_core.package_discovery:discover_packages(path) discover
[0.110s] Level 1:colcon.colcon_core.package_discovery:discover_packages(path) using defaults
[0.120s] Level 1:colcon.colcon_core.package_discovery:discover_packages(prefix_path) check parameters
[0.120s] Level 1:colcon.colcon_core.package_discovery:discover_packages(prefix_path) discover
[0.122s] DEBUG:colcon.colcon_installed_package_information.package_discovery:Found 2 installed packages in /home/jimmy/dev_ws/install
[0.122s] DEBUG:colcon.colcon_installed_package_information.package_discovery:Found 266 installed packages in /opt/ros/foxy
[0.124s] DEBUG:colcon.colcon_installed_package_information.package_discovery:Found 271 installed packages in /opt/ros/rolling
[0.129s] Level 1:colcon.colcon_core.package_discovery:discover_packages(prefix_path) using defaults
[0.210s] Level 5:colcon.colcon_core.verb:set package 'my_bot' build argument 'cmake_args' from command line to 'None'
[0.210s] Level 5:colcon.colcon_core.verb:set package 'my_bot' build argument 'cmake_target' from command line to 'None'
[0.210s] Level 5:colcon.colcon_core.verb:set package 'my_bot' build argument 'cmake_target_skip_unavailable' from command line to 'False'
[0.210s] Level 5:colcon.colcon_core.verb:set package 'my_bot' build argument 'cmake_clean_cache' from command line to 'False'
[0.210s] Level 5:colcon.colcon_core.verb:set package 'my_bot' build argument 'cmake_clean_first' from command line to 'False'
[0.210s] Level 5:colcon.colcon_core.verb:set package 'my_bot' build argument 'cmake_force_configure' from command line to 'False'
[0.210s] Level 5:colcon.colcon_core.verb:set package 'my_bot' build argument 'ament_cmake_args' from command line to 'None'
[0.210s] Level 5:colcon.colcon_core.verb:set package 'my_bot' build argument 'catkin_cmake_args' from command line to 'None'
[0.210s] Level 5:colcon.colcon_core.verb:set package 'my_bot' build argument 'catkin_skip_building_tests' from command line to 'False'
[0.210s] DEBUG:colcon.colcon_core.verb:Building package 'my_bot' with the following arguments: {'ament_cmake_args': None, 'build_base': '/home/jimmy/dev_ws/build/my_bot', 'catkin_cmake_args': None, 'catkin_skip_building_tests': False, 'cmake_args': None, 'cmake_clean_cache': False, 'cmake_clean_first': False, 'cmake_force_configure': False, 'cmake_target': None, 'cmake_target_skip_unavailable': False, 'install_base': '/home/jimmy/dev_ws/install/my_bot', 'merge_install': False, 'path': '/home/jimmy/dev_ws/src/my_bot', 'symlink_install': True, 'test_result_base': None}
[0.211s] Level 5:colcon.colcon_core.verb:set package 'my_package' build argument 'cmake_args' from command line to 'None'
[0.211s] Level 5:colcon.colcon_core.verb:set package 'my_package' build argument 'cmake_target' from command line to 'None'
[0.211s] Level 5:colcon.colcon_core.verb:set package 'my_package' build argument 'cmake_target_skip_unavailable' from command line to 'False'
[0.211s] Level 5:colcon.colcon_core.verb:set package 'my_package' build argument 'cmake_clean_cache' from command line to 'False'
[0.211s] Level 5:colcon.colcon_core.verb:set package 'my_package' build argument 'cmake_clean_first' from command line to 'False'
[0.211s] Level 5:colcon.colcon_core.verb:set package 'my_package' build argument 'cmake_force_configure' from command line to 'False'
[0.211s] Level 5:colcon.colcon_core.verb:set package 'my_package' build argument 'ament_cmake_args' from command line to 'None'
[0.211s] Level 5:colcon.colcon_core.verb:set package 'my_package' build argument 'catkin_cmake_args' from command line to 'None'
[0.211s] Level 5:colcon.colcon_core.verb:set package 'my_package' build argument 'catkin_skip_building_tests' from command line to 'False'
[0.211s] DEBUG:colcon.colcon_core.verb:Building package 'my_package' with the following arguments: {'ament_cmake_args': None, 'build_base': '/home/jimmy/dev_ws/build/my_package', 'catkin_cmake_args': None, 'catkin_skip_building_tests': False, 'cmake_args': None, 'cmake_clean_cache': False, 'cmake_clean_first': False, 'cmake_force_configure': False, 'cmake_target': None, 'cmake_target_skip_unavailable': False, 'install_base': '/home/jimmy/dev_ws/install/my_package', 'merge_install': False, 'path': '/home/jimmy/dev_ws/src/my_package', 'symlink_install': True, 'test_result_base': None}
[0.211s] INFO:colcon.colcon_core.executor:Executing jobs using 'parallel' executor
[0.213s] DEBUG:colcon.colcon_parallel_executor.executor.parallel:run_until_complete
[0.214s] INFO:colcon.colcon_ros.task.ament_cmake.build:Building ROS package in '/home/jimmy/dev_ws/src/my_bot' with build type 'ament_cmake'
[0.214s] INFO:colcon.colcon_cmake.task.cmake.build:Building CMake package in '/home/jimmy/dev_ws/src/my_bot'
[0.217s] INFO:colcon.colcon_core.plugin_system:Skipping extension 'colcon_core.shell.bat': Not used on non-Windows systems
[0.217s] INFO:colcon.colcon_core.shell:Skip shell extension 'powershell' for command environment: Not usable outside of PowerShell
[0.217s] DEBUG:colcon.colcon_core.shell:Skip shell extension 'dsv' for command environment
[0.223s] INFO:colcon.colcon_ros.task.ament_cmake.build:Building ROS package in '/home/jimmy/dev_ws/src/my_package' with build type 'ament_cmake'
[0.223s] INFO:colcon.colcon_cmake.task.cmake.build:Building CMake package in '/home/jimmy/dev_ws/src/my_package'
[0.224s] INFO:colcon.colcon_core.shell:Skip shell extension 'powershell' for command environment: Not usable outside of PowerShell
[0.224s] DEBUG:colcon.colcon_core.shell:Skip shell extension 'dsv' for command environment
[0.246s] DEBUG:colcon.colcon_core.event_handler.log_command:Invoking command in '/home/jimmy/dev_ws/build/my_bot': CMAKE_PREFIX_PATH=${CMAKE_PREFIX_PATH}:/opt/ros/foxy:/opt/ros/rolling /usr/bin/cmake --build /home/jimmy/dev_ws/build/my_bot -- -j4 -l4
[0.252s] DEBUG:colcon.colcon_core.event_handler.log_command:Invoking command in '/home/jimmy/dev_ws/build/my_package': CMAKE_PREFIX_PATH=${CMAKE_PREFIX_PATH}:/opt/ros/foxy:/opt/ros/rolling /usr/bin/cmake --build /home/jimmy/dev_ws/build/my_package -- -j4 -l4
[0.293s] DEBUG:colcon.colcon_core.event_handler.log_command:Invoked command in '/home/jimmy/dev_ws/build/my_package' returned '0': CMAKE_PREFIX_PATH=${CMAKE_PREFIX_PATH}:/opt/ros/foxy:/opt/ros/rolling /usr/bin/cmake --build /home/jimmy/dev_ws/build/my_package -- -j4 -l4
[0.293s] DEBUG:colcon.colcon_core.event_handler.log_command:Invoked command in '/home/jimmy/dev_ws/build/my_bot' returned '0': CMAKE_PREFIX_PATH=${CMAKE_PREFIX_PATH}:/opt/ros/foxy:/opt/ros/rolling /usr/bin/cmake --build /home/jimmy/dev_ws/build/my_bot -- -j4 -l4
[0.321s] DEBUG:colcon.colcon_core.event_handler.log_command:Invoking command in '/home/jimmy/dev_ws/build/my_package': CMAKE_PREFIX_PATH=${CMAKE_PREFIX_PATH}:/opt/ros/foxy:/opt/ros/rolling /usr/bin/cmake --install /home/jimmy/dev_ws/build/my_package
[0.323s] DEBUG:colcon.colcon_core.event_handler.log_command:Invoking command in '/home/jimmy/dev_ws/build/my_bot': CMAKE_PREFIX_PATH=${CMAKE_PREFIX_PATH}:/opt/ros/foxy:/opt/ros/rolling /usr/bin/cmake --install /home/jimmy/dev_ws/build/my_bot
[0.348s] Level 1:colcon.colcon_core.environment:create_environment_scripts_only(my_package)
[0.351s] DEBUG:colcon.colcon_core.event_handler.log_command:Invoked command in '/home/jimmy/dev_ws/build/my_package' returned '0': CMAKE_PREFIX_PATH=${CMAKE_PREFIX_PATH}:/opt/ros/foxy:/opt/ros/rolling /usr/bin/cmake --install /home/jimmy/dev_ws/build/my_package
[0.352s] Level 1:colcon.colcon_core.environment:checking '/home/jimmy/dev_ws/install/my_package' for CMake module files
[0.353s] Level 1:colcon.colcon_core.environment:checking '/home/jimmy/dev_ws/install/my_package' for CMake config files
[0.353s] Level 1:colcon.colcon_core.shell:create_environment_hook('my_package', 'cmake_prefix_path')
[0.353s] INFO:colcon.colcon_core.shell:Creating environment hook '/home/jimmy/dev_ws/install/my_package/share/my_package/hook/cmake_prefix_path.ps1'
[0.354s] INFO:colcon.colcon_core.shell:Creating environment descriptor '/home/jimmy/dev_ws/install/my_package/share/my_package/hook/cmake_prefix_path.dsv'
[0.354s] INFO:colcon.colcon_core.shell:Creating environment hook '/home/jimmy/dev_ws/install/my_package/share/my_package/hook/cmake_prefix_path.sh'
[0.355s] Level 1:colcon.colcon_core.environment:checking '/home/jimmy/dev_ws/install/my_package/bin'
[0.355s] Level 1:colcon.colcon_core.environment:checking '/home/jimmy/dev_ws/install/my_package/lib/pkgconfig/my_package.pc'
[0.355s] Level 1:colcon.colcon_core.environment:checking '/home/jimmy/dev_ws/install/my_package/lib/python3.8/site-packages'
[0.355s] Level 1:colcon.colcon_core.environment:checking '/home/jimmy/dev_ws/install/my_package/bin'
[0.356s] INFO:colcon.colcon_core.shell:Creating package script '/home/jimmy/dev_ws/install/my_package/share/my_package/package.ps1'
[0.356s] INFO:colcon.colcon_core.shell:Creating package descriptor '/home/jimmy/dev_ws/install/my_package/share/my_package/package.dsv'
[0.357s] INFO:colcon.colcon_core.shell:Creating package script '/home/jimmy/dev_ws/install/my_package/share/my_package/package.sh'
[0.357s] INFO:colcon.colcon_core.shell:Creating package script '/home/jimmy/dev_ws/install/my_package/share/my_package/package.bash'
[0.357s] INFO:colcon.colcon_core.shell:Creating package script '/home/jimmy/dev_ws/install/my_package/share/my_package/package.zsh'
[0.358s] Level 1:colcon.colcon_core.environment:create_file_with_runtime_dependencies(/home/jimmy/dev_ws/install/my_package/share/colcon-core/packages/my_package)
[0.360s] Level 1:colcon.colcon_core.environment:create_environment_scripts_only(my_bot)
[0.361s] Level 1:colcon.colcon_core.environment:checking '/home/jimmy/dev_ws/install/my_bot' for CMake module files
[0.362s] DEBUG:colcon.colcon_core.event_handler.log_command:Invoked command in '/home/jimmy/dev_ws/build/my_bot' returned '0': CMAKE_PREFIX_PATH=${CMAKE_PREFIX_PATH}:/opt/ros/foxy:/opt/ros/rolling /usr/bin/cmake --install /home/jimmy/dev_ws/build/my_bot
[0.362s] Level 1:colcon.colcon_core.environment:checking '/home/jimmy/dev_ws/install/my_bot' for CMake config files
[0.362s] Level 1:colcon.colcon_core.shell:create_environment_hook('my_bot', 'cmake_prefix_path')
[0.363s] INFO:colcon.colcon_core.shell:Creating environment hook '/home/jimmy/dev_ws/install/my_bot/share/my_bot/hook/cmake_prefix_path.ps1'
[0.363s] INFO:colcon.colcon_core.shell:Creating environment descriptor '/home/jimmy/dev_ws/install/my_bot/share/my_bot/hook/cmake_prefix_path.dsv'
[0.363s] INFO:colcon.colcon_core.shell:Creating environment hook '/home/jimmy/dev_ws/install/my_bot/share/my_bot/hook/cmake_prefix_path.sh'
[0.364s] Level 1:colcon.colcon_core.environment:checking '/home/jimmy/dev_ws/install/my_bot/bin'
[0.364s] Level 1:colcon.colcon_core.environment:checking '/home/jimmy/dev_ws/install/my_bot/lib/pkgconfig/my_bot.pc'
[0.364s] Level 1:colcon.colcon_core.environment:checking '/home/jimmy/dev_ws/install/my_bot/lib/python3.8/site-packages'
[0.364s] Level 1:colcon.colcon_core.environment:checking '/home/jimmy/dev_ws/install/my_bot/bin'
[0.365s] INFO:colcon.colcon_core.shell:Creating package script '/home/jimmy/dev_ws/install/my_bot/share/my_bot/package.ps1'
[0.365s] INFO:colcon.colcon_core.shell:Creating package descriptor '/home/jimmy/dev_ws/install/my_bot/share/my_bot/package.dsv'
[0.365s] INFO:colcon.colcon_core.shell:Creating package script '/home/jimmy/dev_ws/install/my_bot/share/my_bot/package.sh'
[0.365s] INFO:colcon.colcon_core.shell:Creating package script '/home/jimmy/dev_ws/install/my_bot/share/my_bot/package.bash'
[0.366s] INFO:colcon.colcon_core.shell:Creating package script '/home/jimmy/dev_ws/install/my_bot/share/my_bot/package.zsh'
[0.366s] Level 1:colcon.colcon_core.environment:create_file_with_runtime_dependencies(/home/jimmy/dev_ws/install/my_bot/share/colcon-core/packages/my_bot)
[0.379s] Level 1:colcon.colcon_core.environment:create_environment_scripts_only(my_package)
[0.380s] Level 1:colcon.colcon_core.environment:checking '/home/jimmy/dev_ws/install/my_package' for CMake module files
[0.380s] Level 1:colcon.colcon_core.environment:checking '/home/jimmy/dev_ws/install/my_package' for CMake config files
[0.380s] Level 1:colcon.colcon_core.shell:create_environment_hook('my_package', 'cmake_prefix_path')
[0.381s] INFO:colcon.colcon_core.shell:Creating environment hook '/home/jimmy/dev_ws/install/my_package/share/my_package/hook/cmake_prefix_path.ps1'
[0.381s] INFO:colcon.colcon_core.shell:Creating environment descriptor '/home/jimmy/dev_ws/install/my_package/share/my_package/hook/cmake_prefix_path.dsv'
[0.381s] INFO:colcon.colcon_core.shell:Creating environment hook '/home/jimmy/dev_ws/install/my_package/share/my_package/hook/cmake_prefix_path.sh'
[0.382s] Level 1:colcon.colcon_core.environment:checking '/home/jimmy/dev_ws/install/my_package/bin'
[0.382s] Level 1:colcon.colcon_core.environment:checking '/home/jimmy/dev_ws/install/my_package/lib/pkgconfig/my_package.pc'
[0.382s] Level 1:colcon.colcon_core.environment:checking '/home/jimmy/dev_ws/install/my_package/lib/python3.8/site-packages'
[0.382s] Level 1:colcon.colcon_core.environment:checking '/home/jimmy/dev_ws/install/my_package/bin'
[0.383s] INFO:colcon.colcon_core.shell:Creating package script '/home/jimmy/dev_ws/install/my_package/share/my_package/package.ps1'
[0.383s] INFO:colcon.colcon_core.shell:Creating package descriptor '/home/jimmy/dev_ws/install/my_package/share/my_package/package.dsv'
[0.384s] INFO:colcon.colcon_core.shell:Creating package script '/home/jimmy/dev_ws/install/my_package/share/my_package/package.sh'
[0.384s] INFO:colcon.colcon_core.shell:Creating package script '/home/jimmy/dev_ws/install/my_package/share/my_package/package.bash'
[0.384s] INFO:colcon.colcon_core.shell:Creating package script '/home/jimmy/dev_ws/install/my_package/share/my_package/package.zsh'
[0.384s] Level 1:colcon.colcon_core.environment:create_file_with_runtime_dependencies(/home/jimmy/dev_ws/install/my_package/share/colcon-core/packages/my_package)
[0.386s] Level 1:colcon.colcon_core.environment:create_environment_scripts_only(my_bot)
[0.387s] Level 1:colcon.colcon_core.environment:checking '/home/jimmy/dev_ws/install/my_bot' for CMake module files
[0.387s] Level 1:colcon.colcon_core.environment:checking '/home/jimmy/dev_ws/install/my_bot' for CMake config files
[0.387s] Level 1:colcon.colcon_core.shell:create_environment_hook('my_bot', 'cmake_prefix_path')
[0.388s] INFO:colcon.colcon_core.shell:Creating environment hook '/home/jimmy/dev_ws/install/my_bot/share/my_bot/hook/cmake_prefix_path.ps1'
[0.388s] INFO:colcon.colcon_core.shell:Creating environment descriptor '/home/jimmy/dev_ws/install/my_bot/share/my_bot/hook/cmake_prefix_path.dsv'
[0.388s] INFO:colcon.colcon_core.shell:Creating environment hook '/home/jimmy/dev_ws/install/my_bot/share/my_bot/hook/cmake_prefix_path.sh'
[0.389s] Level 1:colcon.colcon_core.environment:checking '/home/jimmy/dev_ws/install/my_bot/bin'
[0.389s] Level 1:colcon.colcon_core.environment:checking '/home/jimmy/dev_ws/install/my_bot/lib/pkgconfig/my_bot.pc'
[0.389s] Level 1:colcon.colcon_core.environment:checking '/home/jimmy/dev_ws/install/my_bot/lib/python3.8/site-packages'
[0.389s] Level 1:colcon.colcon_core.environment:checking '/home/jimmy/dev_ws/install/my_bot/bin'
[0.390s] INFO:colcon.colcon_core.shell:Creating package script '/home/jimmy/dev_ws/install/my_bot/share/my_bot/package.ps1'
[0.390s] INFO:colcon.colcon_core.shell:Creating package descriptor '/home/jimmy/dev_ws/install/my_bot/share/my_bot/package.dsv'
[0.390s] INFO:colcon.colcon_core.shell:Creating package script '/home/jimmy/dev_ws/install/my_bot/share/my_bot/package.sh'
[0.390s] INFO:colcon.colcon_core.shell:Creating package script '/home/jimmy/dev_ws/install/my_bot/share/my_bot/package.bash'
[0.391s] INFO:colcon.colcon_core.shell:Creating package script '/home/jimmy/dev_ws/install/my_bot/share/my_bot/package.zsh'
[0.391s] Level 1:colcon.colcon_core.environment:create_file_with_runtime_dependencies(/home/jimmy/dev_ws/install/my_bot/share/colcon-core/packages/my_bot)
[0.391s] DEBUG:colcon.colcon_parallel_executor.executor.parallel:closing loop
[0.391s] DEBUG:colcon.colcon_parallel_executor.executor.parallel:loop closed
[0.392s] DEBUG:colcon.colcon_parallel_executor.executor.parallel:run_until_complete finished with '0'
[0.392s] DEBUG:colcon.colcon_core.event_reactor:joining thread
[0.396s] INFO:colcon.colcon_core.plugin_system:Skipping extension 'colcon_notification.desktop_notification.terminal_notifier': Not used on non-Darwin systems
[0.396s] INFO:colcon.colcon_core.plugin_system:Skipping extension 'colcon_notification.desktop_notification.win32': Not used on non-Windows systems
[0.396s] INFO:colcon.colcon_notification.desktop_notification:Sending desktop notification using 'notify2'
[0.416s] DEBUG:colcon.colcon_core.event_reactor:joined thread
[0.416s] INFO:colcon.colcon_core.shell:Creating prefix script '/home/jimmy/dev_ws/install/local_setup.ps1'
[0.419s] INFO:colcon.colcon_core.shell:Creating prefix util module '/home/jimmy/dev_ws/install/_local_setup_util_ps1.py'
[0.424s] INFO:colcon.colcon_core.shell:Creating prefix chain script '/home/jimmy/dev_ws/install/setup.ps1'
[0.426s] INFO:colcon.colcon_core.shell:Creating prefix script '/home/jimmy/dev_ws/install/local_setup.sh'
[0.427s] INFO:colcon.colcon_core.shell:Creating prefix util module '/home/jimmy/dev_ws/install/_local_setup_util_sh.py'
[0.427s] INFO:colcon.colcon_core.shell:Creating prefix chain script '/home/jimmy/dev_ws/install/setup.sh'
[0.431s] INFO:colcon.colcon_core.shell:Creating prefix script '/home/jimmy/dev_ws/install/local_setup.bash'
[0.432s] INFO:colcon.colcon_core.shell:Creating prefix chain script '/home/jimmy/dev_ws/install/setup.bash'
[0.433s] INFO:colcon.colcon_core.shell:Creating prefix script '/home/jimmy/dev_ws/install/local_setup.zsh'
[0.433s] INFO:colcon.colcon_core.shell:Creating prefix chain script '/home/jimmy/dev_ws/install/setup.zsh'
