[0.060s] Invoking command in '/home/jimmy/dev_ws/build/my_package': CMAKE_PREFIX_PATH=/opt/ros/rolling /usr/bin/cmake /home/jimmy/dev_ws/src/my_package -DAMENT_CMAKE_SYMLINK_INSTALL=1 -DCMAKE_INSTALL_PREFIX=/home/jimmy/dev_ws/install/my_package
[0.511s] -- The C compiler identification is GNU 9.4.0
[0.651s] -- The CXX compiler identification is GNU 9.4.0
[0.658s] -- Check for working C compiler: /usr/bin/cc
[0.767s] -- Check for working C compiler: /usr/bin/cc -- works
[0.768s] -- Detecting C compiler ABI info
[0.829s] -- Detecting C compiler ABI info - done
[0.837s] -- Detecting C compile features
[0.837s] -- Detecting C compile features - done
[0.839s] -- Check for working CXX compiler: /usr/bin/c++
[0.907s] -- Check for working CXX compiler: /usr/bin/c++ -- works
[0.909s] -- Detecting CXX compiler ABI info
[0.977s] -- Detecting CXX compiler ABI info - done
[0.984s] -- Detecting CXX compile features
[0.984s] -- Detecting CXX compile features - done
[0.999s] -- Found ament_cmake: 1.2.1 (/opt/ros/rolling/share/ament_cmake/cmake)
[1.088s] -- Found Python3: /usr/bin/python3.8 (found version "3.8.10") found components: Interpreter 
[1.131s] -- Override CMake install command with custom implementation using symlinks instead of copying resources
[1.162s] -- Found ament_lint_auto: 0.11.4 (/opt/ros/rolling/share/ament_lint_auto/cmake)
[1.213s] -- Added test 'flake8' to check Python code syntax and style conventions
[1.213s] -- Added test 'lint_cmake' to check CMake code style
[1.214s] -- Added test 'pep257' to check Python code against some of the style conventions in PEP 257
[1.215s] -- Added test 'xmllint' to check XML markup files
[1.221s] -- Configuring done
[1.224s] -- Generating done
[1.224s] -- Build files have been written to: /home/jimmy/dev_ws/build/my_package
[1.229s] Invoked command in '/home/jimmy/dev_ws/build/my_package' returned '0': CMAKE_PREFIX_PATH=/opt/ros/rolling /usr/bin/cmake /home/jimmy/dev_ws/src/my_package -DAMENT_CMAKE_SYMLINK_INSTALL=1 -DCMAKE_INSTALL_PREFIX=/home/jimmy/dev_ws/install/my_package
[1.230s] Invoking command in '/home/jimmy/dev_ws/build/my_package': CMAKE_PREFIX_PATH=/opt/ros/rolling /usr/bin/cmake --build /home/jimmy/dev_ws/build/my_package -- -j4 -l4
[1.264s] Invoked command in '/home/jimmy/dev_ws/build/my_package' returned '0': CMAKE_PREFIX_PATH=/opt/ros/rolling /usr/bin/cmake --build /home/jimmy/dev_ws/build/my_package -- -j4 -l4
[1.292s] Invoking command in '/home/jimmy/dev_ws/build/my_package': CMAKE_PREFIX_PATH=/opt/ros/rolling /usr/bin/cmake --install /home/jimmy/dev_ws/build/my_package
[1.299s] -- Install configuration: ""
[1.300s] -- Execute custom install script
[1.300s] -- Symlinking: /home/jimmy/dev_ws/install/my_package/share/ament_index/resource_index/package_run_dependencies/my_package
[1.308s] -- Symlinking: /home/jimmy/dev_ws/install/my_package/share/ament_index/resource_index/parent_prefix_path/my_package
[1.316s] -- Symlinking: /home/jimmy/dev_ws/install/my_package/share/my_package/environment/ament_prefix_path.sh
[1.325s] -- Symlinking: /home/jimmy/dev_ws/install/my_package/share/my_package/environment/ament_prefix_path.dsv
[1.333s] -- Symlinking: /home/jimmy/dev_ws/install/my_package/share/my_package/environment/path.sh
[1.340s] -- Symlinking: /home/jimmy/dev_ws/install/my_package/share/my_package/environment/path.dsv
[1.348s] -- Symlinking: /home/jimmy/dev_ws/install/my_package/share/my_package/local_setup.bash
[1.358s] -- Symlinking: /home/jimmy/dev_ws/install/my_package/share/my_package/local_setup.sh
[1.366s] -- Symlinking: /home/jimmy/dev_ws/install/my_package/share/my_package/local_setup.zsh
[1.374s] -- Symlinking: /home/jimmy/dev_ws/install/my_package/share/my_package/local_setup.dsv
[1.382s] -- Symlinking: /home/jimmy/dev_ws/install/my_package/share/my_package/package.dsv
[1.389s] -- Symlinking: /home/jimmy/dev_ws/install/my_package/share/ament_index/resource_index/packages/my_package
[1.397s] -- Symlinking: /home/jimmy/dev_ws/install/my_package/share/my_package/cmake/my_packageConfig.cmake
[1.404s] -- Symlinking: /home/jimmy/dev_ws/install/my_package/share/my_package/cmake/my_packageConfig-version.cmake
[1.412s] -- Symlinking: /home/jimmy/dev_ws/install/my_package/share/my_package/package.xml
[1.422s] Invoked command in '/home/jimmy/dev_ws/build/my_package' returned '0': CMAKE_PREFIX_PATH=/opt/ros/rolling /usr/bin/cmake --install /home/jimmy/dev_ws/build/my_package
