[0.187s] DEBUG:colcon:Command line arguments: ['/usr/bin/colcon', 'build', '--symlink-install']
[0.187s] DEBUG:colcon:Parsed command line arguments: Namespace(allow_overriding=[], ament_cmake_args=None, base_paths=['.'], build_base='build', catkin_cmake_args=None, catkin_skip_building_tests=False, cmake_args=None, cmake_clean_cache=False, cmake_clean_first=False, cmake_force_configure=False, cmake_target=None, cmake_target_skip_unavailable=False, continue_on_error=False, event_handlers=None, executor='parallel', ignore_user_meta=False, install_base='install', log_base=None, log_level=None, main=<bound method BuildVerb.main of <colcon_core.verb.build.BuildVerb object at 0xffffabfc1520>>, merge_install=False, metas=['./colcon.meta'], packages_above=None, packages_above_and_dependencies=None, packages_above_depth=None, packages_end=None, packages_ignore=None, packages_ignore_regex=None, packages_select=None, packages_select_build_failed=False, packages_select_by_dep=None, packages_select_regex=None, packages_select_test_failures=False, packages_skip=None, packages_skip_build_finished=False, packages_skip_by_dep=None, packages_skip_regex=None, packages_skip_test_passed=False, packages_skip_up_to=None, packages_start=None, packages_up_to=None, packages_up_to_regex=None, parallel_workers=4, paths=None, symlink_install=True, test_result_base=None, verb_extension=<colcon_core.verb.build.BuildVerb object at 0xffffabfc1520>, verb_name='build', verb_parser=<colcon_defaults.argument_parser.defaults.DefaultArgumentsDecorator object at 0xffffabfc1a60>)
[0.221s] Level 1:colcon.colcon_core.package_discovery:discover_packages(colcon_meta) check parameters
[0.221s] Level 1:colcon.colcon_core.package_discovery:discover_packages(recursive) check parameters
[0.221s] Level 1:colcon.colcon_core.package_discovery:discover_packages(ignore) check parameters
[0.221s] Level 1:colcon.colcon_core.package_discovery:discover_packages(path) check parameters
[0.221s] Level 1:colcon.colcon_core.package_discovery:discover_packages(colcon_meta) discover
[0.221s] Level 1:colcon.colcon_core.package_discovery:discover_packages(recursive) discover
[0.221s] INFO:colcon.colcon_core.package_discovery:Crawling recursively for packages in '/home/jimmy/dev_ws'
[0.221s] Level 1:colcon.colcon_core.package_identification:_identify(.) by extensions ['ignore', 'ignore_ament_install']
[0.221s] Level 1:colcon.colcon_core.package_identification:_identify(.) by extension 'ignore'
[0.221s] Level 1:colcon.colcon_core.package_identification:_identify(.) by extension 'ignore_ament_install'
[0.221s] Level 1:colcon.colcon_core.package_identification:_identify(.) by extensions ['colcon_pkg']
[0.221s] Level 1:colcon.colcon_core.package_identification:_identify(.) by extension 'colcon_pkg'
[0.221s] Level 1:colcon.colcon_core.package_identification:_identify(.) by extensions ['colcon_meta']
[0.221s] Level 1:colcon.colcon_core.package_identification:_identify(.) by extension 'colcon_meta'
[0.221s] Level 1:colcon.colcon_core.package_identification:_identify(.) by extensions ['ros']
[0.221s] Level 1:colcon.colcon_core.package_identification:_identify(.) by extension 'ros'
[0.237s] Level 1:colcon.colcon_core.package_identification:_identify(.) by extensions ['cmake', 'python']
[0.237s] Level 1:colcon.colcon_core.package_identification:_identify(.) by extension 'cmake'
[0.238s] Level 1:colcon.colcon_core.package_identification:_identify(.) by extension 'python'
[0.238s] Level 1:colcon.colcon_core.package_identification:_identify(.) by extensions ['python_setup_py']
[0.238s] Level 1:colcon.colcon_core.package_identification:_identify(.) by extension 'python_setup_py'
[0.238s] Level 1:colcon.colcon_core.package_identification:_identify(build) by extensions ['ignore', 'ignore_ament_install']
[0.238s] Level 1:colcon.colcon_core.package_identification:_identify(build) by extension 'ignore'
[0.238s] Level 1:colcon.colcon_core.package_identification:_identify(build) ignored
[0.238s] Level 1:colcon.colcon_core.package_identification:_identify(install) by extensions ['ignore', 'ignore_ament_install']
[0.238s] Level 1:colcon.colcon_core.package_identification:_identify(install) by extension 'ignore'
[0.238s] Level 1:colcon.colcon_core.package_identification:_identify(install) ignored
[0.238s] Level 1:colcon.colcon_core.package_identification:_identify(log) by extensions ['ignore', 'ignore_ament_install']
[0.238s] Level 1:colcon.colcon_core.package_identification:_identify(log) by extension 'ignore'
[0.238s] Level 1:colcon.colcon_core.package_identification:_identify(log) ignored
[0.238s] Level 1:colcon.colcon_core.package_identification:_identify(src) by extensions ['ignore', 'ignore_ament_install']
[0.238s] Level 1:colcon.colcon_core.package_identification:_identify(src) by extension 'ignore'
[0.238s] Level 1:colcon.colcon_core.package_identification:_identify(src) by extension 'ignore_ament_install'
[0.238s] Level 1:colcon.colcon_core.package_identification:_identify(src) by extensions ['colcon_pkg']
[0.238s] Level 1:colcon.colcon_core.package_identification:_identify(src) by extension 'colcon_pkg'
[0.238s] Level 1:colcon.colcon_core.package_identification:_identify(src) by extensions ['colcon_meta']
[0.238s] Level 1:colcon.colcon_core.package_identification:_identify(src) by extension 'colcon_meta'
[0.238s] Level 1:colcon.colcon_core.package_identification:_identify(src) by extensions ['ros']
[0.238s] Level 1:colcon.colcon_core.package_identification:_identify(src) by extension 'ros'
[0.238s] Level 1:colcon.colcon_core.package_identification:_identify(src) by extensions ['cmake', 'python']
[0.238s] Level 1:colcon.colcon_core.package_identification:_identify(src) by extension 'cmake'
[0.238s] Level 1:colcon.colcon_core.package_identification:_identify(src) by extension 'python'
[0.239s] Level 1:colcon.colcon_core.package_identification:_identify(src) by extensions ['python_setup_py']
[0.239s] Level 1:colcon.colcon_core.package_identification:_identify(src) by extension 'python_setup_py'
[0.239s] Level 1:colcon.colcon_core.package_identification:_identify(src/my_bot) by extensions ['ignore', 'ignore_ament_install']
[0.239s] Level 1:colcon.colcon_core.package_identification:_identify(src/my_bot) by extension 'ignore'
[0.239s] Level 1:colcon.colcon_core.package_identification:_identify(src/my_bot) by extension 'ignore_ament_install'
[0.239s] Level 1:colcon.colcon_core.package_identification:_identify(src/my_bot) by extensions ['colcon_pkg']
[0.239s] Level 1:colcon.colcon_core.package_identification:_identify(src/my_bot) by extension 'colcon_pkg'
[0.239s] Level 1:colcon.colcon_core.package_identification:_identify(src/my_bot) by extensions ['colcon_meta']
[0.239s] Level 1:colcon.colcon_core.package_identification:_identify(src/my_bot) by extension 'colcon_meta'
[0.239s] Level 1:colcon.colcon_core.package_identification:_identify(src/my_bot) by extensions ['ros']
[0.239s] Level 1:colcon.colcon_core.package_identification:_identify(src/my_bot) by extension 'ros'
[0.241s] DEBUG:colcon.colcon_core.package_identification:Package 'src/my_bot' with type 'ros.ament_cmake' and name 'my_bot'
[0.241s] Level 1:colcon.colcon_core.package_identification:_identify(src/my_package) by extensions ['ignore', 'ignore_ament_install']
[0.241s] Level 1:colcon.colcon_core.package_identification:_identify(src/my_package) by extension 'ignore'
[0.241s] Level 1:colcon.colcon_core.package_identification:_identify(src/my_package) by extension 'ignore_ament_install'
[0.241s] Level 1:colcon.colcon_core.package_identification:_identify(src/my_package) by extensions ['colcon_pkg']
[0.241s] Level 1:colcon.colcon_core.package_identification:_identify(src/my_package) by extension 'colcon_pkg'
[0.241s] Level 1:colcon.colcon_core.package_identification:_identify(src/my_package) by extensions ['colcon_meta']
[0.241s] Level 1:colcon.colcon_core.package_identification:_identify(src/my_package) by extension 'colcon_meta'
[0.241s] Level 1:colcon.colcon_core.package_identification:_identify(src/my_package) by extensions ['ros']
[0.241s] Level 1:colcon.colcon_core.package_identification:_identify(src/my_package) by extension 'ros'
[0.242s] DEBUG:colcon.colcon_core.package_identification:Package 'src/my_package' with type 'ros.ament_cmake' and name 'my_package'
[0.242s] Level 1:colcon.colcon_core.package_discovery:discover_packages(recursive) using defaults
[0.242s] Level 1:colcon.colcon_core.package_discovery:discover_packages(ignore) discover
[0.242s] Level 1:colcon.colcon_core.package_discovery:discover_packages(ignore) using defaults
[0.242s] Level 1:colcon.colcon_core.package_discovery:discover_packages(path) discover
[0.242s] Level 1:colcon.colcon_core.package_discovery:discover_packages(path) using defaults
[0.262s] Level 1:colcon.colcon_core.package_discovery:discover_packages(prefix_path) check parameters
[0.262s] Level 1:colcon.colcon_core.package_discovery:discover_packages(prefix_path) discover
[0.265s] DEBUG:colcon.colcon_installed_package_information.package_discovery:Found 271 installed packages in /opt/ros/rolling
[0.266s] Level 1:colcon.colcon_core.package_discovery:discover_packages(prefix_path) using defaults
[0.320s] Level 5:colcon.colcon_core.verb:set package 'my_bot' build argument 'cmake_args' from command line to 'None'
[0.320s] Level 5:colcon.colcon_core.verb:set package 'my_bot' build argument 'cmake_target' from command line to 'None'
[0.320s] Level 5:colcon.colcon_core.verb:set package 'my_bot' build argument 'cmake_target_skip_unavailable' from command line to 'False'
[0.320s] Level 5:colcon.colcon_core.verb:set package 'my_bot' build argument 'cmake_clean_cache' from command line to 'False'
[0.321s] Level 5:colcon.colcon_core.verb:set package 'my_bot' build argument 'cmake_clean_first' from command line to 'False'
[0.321s] Level 5:colcon.colcon_core.verb:set package 'my_bot' build argument 'cmake_force_configure' from command line to 'False'
[0.321s] Level 5:colcon.colcon_core.verb:set package 'my_bot' build argument 'ament_cmake_args' from command line to 'None'
[0.321s] Level 5:colcon.colcon_core.verb:set package 'my_bot' build argument 'catkin_cmake_args' from command line to 'None'
[0.321s] Level 5:colcon.colcon_core.verb:set package 'my_bot' build argument 'catkin_skip_building_tests' from command line to 'False'
[0.321s] DEBUG:colcon.colcon_core.verb:Building package 'my_bot' with the following arguments: {'ament_cmake_args': None, 'build_base': '/home/jimmy/dev_ws/build/my_bot', 'catkin_cmake_args': None, 'catkin_skip_building_tests': False, 'cmake_args': None, 'cmake_clean_cache': False, 'cmake_clean_first': False, 'cmake_force_configure': False, 'cmake_target': None, 'cmake_target_skip_unavailable': False, 'install_base': '/home/jimmy/dev_ws/install/my_bot', 'merge_install': False, 'path': '/home/jimmy/dev_ws/src/my_bot', 'symlink_install': True, 'test_result_base': None}
[0.321s] Level 5:colcon.colcon_core.verb:set package 'my_package' build argument 'cmake_args' from command line to 'None'
[0.321s] Level 5:colcon.colcon_core.verb:set package 'my_package' build argument 'cmake_target' from command line to 'None'
[0.321s] Level 5:colcon.colcon_core.verb:set package 'my_package' build argument 'cmake_target_skip_unavailable' from command line to 'False'
[0.321s] Level 5:colcon.colcon_core.verb:set package 'my_package' build argument 'cmake_clean_cache' from command line to 'False'
[0.321s] Level 5:colcon.colcon_core.verb:set package 'my_package' build argument 'cmake_clean_first' from command line to 'False'
[0.321s] Level 5:colcon.colcon_core.verb:set package 'my_package' build argument 'cmake_force_configure' from command line to 'False'
[0.321s] Level 5:colcon.colcon_core.verb:set package 'my_package' build argument 'ament_cmake_args' from command line to 'None'
[0.321s] Level 5:colcon.colcon_core.verb:set package 'my_package' build argument 'catkin_cmake_args' from command line to 'None'
[0.321s] Level 5:colcon.colcon_core.verb:set package 'my_package' build argument 'catkin_skip_building_tests' from command line to 'False'
[0.321s] DEBUG:colcon.colcon_core.verb:Building package 'my_package' with the following arguments: {'ament_cmake_args': None, 'build_base': '/home/jimmy/dev_ws/build/my_package', 'catkin_cmake_args': None, 'catkin_skip_building_tests': False, 'cmake_args': None, 'cmake_clean_cache': False, 'cmake_clean_first': False, 'cmake_force_configure': False, 'cmake_target': None, 'cmake_target_skip_unavailable': False, 'install_base': '/home/jimmy/dev_ws/install/my_package', 'merge_install': False, 'path': '/home/jimmy/dev_ws/src/my_package', 'symlink_install': True, 'test_result_base': None}
[0.322s] INFO:colcon.colcon_core.executor:Executing jobs using 'parallel' executor
[0.325s] DEBUG:colcon.colcon_parallel_executor.executor.parallel:run_until_complete
[0.325s] INFO:colcon.colcon_ros.task.ament_cmake.build:Building ROS package in '/home/jimmy/dev_ws/src/my_bot' with build type 'ament_cmake'
[0.325s] INFO:colcon.colcon_cmake.task.cmake.build:Building CMake package in '/home/jimmy/dev_ws/src/my_bot'
[0.333s] INFO:colcon.colcon_core.plugin_system:Skipping extension 'colcon_core.shell.bat': Not used on non-Windows systems
[0.333s] INFO:colcon.colcon_core.shell:Skip shell extension 'powershell' for command environment: Not usable outside of PowerShell
[0.333s] DEBUG:colcon.colcon_core.shell:Skip shell extension 'dsv' for command environment
[0.338s] INFO:colcon.colcon_ros.task.ament_cmake.build:Building ROS package in '/home/jimmy/dev_ws/src/my_package' with build type 'ament_cmake'
[0.339s] INFO:colcon.colcon_cmake.task.cmake.build:Building CMake package in '/home/jimmy/dev_ws/src/my_package'
[0.340s] INFO:colcon.colcon_core.shell:Skip shell extension 'powershell' for command environment: Not usable outside of PowerShell
[0.340s] DEBUG:colcon.colcon_core.shell:Skip shell extension 'dsv' for command environment
[0.350s] DEBUG:colcon.colcon_core.event_handler.log_command:Invoking command in '/home/jimmy/dev_ws/build/my_bot': CMAKE_PREFIX_PATH=/opt/ros/rolling /usr/bin/cmake --build /home/jimmy/dev_ws/build/my_bot -- -j4 -l4
[0.373s] DEBUG:colcon.colcon_core.event_handler.log_command:Invoking command in '/home/jimmy/dev_ws/build/my_package': CMAKE_PREFIX_PATH=/opt/ros/rolling /usr/bin/cmake --build /home/jimmy/dev_ws/build/my_package -- -j4 -l4
[0.465s] DEBUG:colcon.colcon_core.event_handler.log_command:Invoked command in '/home/jimmy/dev_ws/build/my_bot' returned '0': CMAKE_PREFIX_PATH=/opt/ros/rolling /usr/bin/cmake --build /home/jimmy/dev_ws/build/my_bot -- -j4 -l4
[0.465s] DEBUG:colcon.colcon_core.event_handler.log_command:Invoked command in '/home/jimmy/dev_ws/build/my_package' returned '0': CMAKE_PREFIX_PATH=/opt/ros/rolling /usr/bin/cmake --build /home/jimmy/dev_ws/build/my_package -- -j4 -l4
[0.492s] DEBUG:colcon.colcon_core.event_handler.log_command:Invoking command in '/home/jimmy/dev_ws/build/my_bot': CMAKE_PREFIX_PATH=/opt/ros/rolling /usr/bin/cmake --install /home/jimmy/dev_ws/build/my_bot
[0.494s] DEBUG:colcon.colcon_core.event_handler.log_command:Invoking command in '/home/jimmy/dev_ws/build/my_package': CMAKE_PREFIX_PATH=/opt/ros/rolling /usr/bin/cmake --install /home/jimmy/dev_ws/build/my_package
[0.518s] Level 1:colcon.colcon_core.environment:create_environment_scripts_only(my_package)
[0.519s] DEBUG:colcon.colcon_core.event_handler.log_command:Invoked command in '/home/jimmy/dev_ws/build/my_package' returned '0': CMAKE_PREFIX_PATH=/opt/ros/rolling /usr/bin/cmake --install /home/jimmy/dev_ws/build/my_package
[0.526s] Level 1:colcon.colcon_core.environment:checking '/home/jimmy/dev_ws/install/my_package' for CMake module files
[0.526s] Level 1:colcon.colcon_core.environment:checking '/home/jimmy/dev_ws/install/my_package' for CMake config files
[0.526s] Level 1:colcon.colcon_core.shell:create_environment_hook('my_package', 'cmake_prefix_path')
[0.527s] INFO:colcon.colcon_core.shell:Creating environment hook '/home/jimmy/dev_ws/install/my_package/share/my_package/hook/cmake_prefix_path.ps1'
[0.528s] INFO:colcon.colcon_core.shell:Creating environment descriptor '/home/jimmy/dev_ws/install/my_package/share/my_package/hook/cmake_prefix_path.dsv'
[0.528s] INFO:colcon.colcon_core.shell:Creating environment hook '/home/jimmy/dev_ws/install/my_package/share/my_package/hook/cmake_prefix_path.sh'
[0.529s] Level 1:colcon.colcon_core.environment:checking '/home/jimmy/dev_ws/install/my_package/bin'
[0.529s] Level 1:colcon.colcon_core.environment:checking '/home/jimmy/dev_ws/install/my_package/lib/pkgconfig/my_package.pc'
[0.529s] Level 1:colcon.colcon_core.environment:checking '/home/jimmy/dev_ws/install/my_package/lib/python3.8/site-packages'
[0.529s] Level 1:colcon.colcon_core.environment:checking '/home/jimmy/dev_ws/install/my_package/bin'
[0.530s] INFO:colcon.colcon_core.shell:Creating package script '/home/jimmy/dev_ws/install/my_package/share/my_package/package.ps1'
[0.531s] INFO:colcon.colcon_core.shell:Creating package descriptor '/home/jimmy/dev_ws/install/my_package/share/my_package/package.dsv'
[0.531s] INFO:colcon.colcon_core.shell:Creating package script '/home/jimmy/dev_ws/install/my_package/share/my_package/package.sh'
[0.532s] INFO:colcon.colcon_core.shell:Creating package script '/home/jimmy/dev_ws/install/my_package/share/my_package/package.bash'
[0.533s] INFO:colcon.colcon_core.shell:Creating package script '/home/jimmy/dev_ws/install/my_package/share/my_package/package.zsh'
[0.533s] Level 1:colcon.colcon_core.environment:create_file_with_runtime_dependencies(/home/jimmy/dev_ws/install/my_package/share/colcon-core/packages/my_package)
[0.537s] Level 1:colcon.colcon_core.environment:create_environment_scripts_only(my_bot)
[0.538s] Level 1:colcon.colcon_core.environment:checking '/home/jimmy/dev_ws/install/my_bot' for CMake module files
[0.538s] DEBUG:colcon.colcon_core.event_handler.log_command:Invoked command in '/home/jimmy/dev_ws/build/my_bot' returned '0': CMAKE_PREFIX_PATH=/opt/ros/rolling /usr/bin/cmake --install /home/jimmy/dev_ws/build/my_bot
[0.539s] Level 1:colcon.colcon_core.environment:checking '/home/jimmy/dev_ws/install/my_bot' for CMake config files
[0.539s] Level 1:colcon.colcon_core.shell:create_environment_hook('my_bot', 'cmake_prefix_path')
[0.539s] INFO:colcon.colcon_core.shell:Creating environment hook '/home/jimmy/dev_ws/install/my_bot/share/my_bot/hook/cmake_prefix_path.ps1'
[0.540s] INFO:colcon.colcon_core.shell:Creating environment descriptor '/home/jimmy/dev_ws/install/my_bot/share/my_bot/hook/cmake_prefix_path.dsv'
[0.540s] INFO:colcon.colcon_core.shell:Creating environment hook '/home/jimmy/dev_ws/install/my_bot/share/my_bot/hook/cmake_prefix_path.sh'
[0.540s] Level 1:colcon.colcon_core.environment:checking '/home/jimmy/dev_ws/install/my_bot/bin'
[0.541s] Level 1:colcon.colcon_core.environment:checking '/home/jimmy/dev_ws/install/my_bot/lib/pkgconfig/my_bot.pc'
[0.541s] Level 1:colcon.colcon_core.environment:checking '/home/jimmy/dev_ws/install/my_bot/lib/python3.8/site-packages'
[0.541s] Level 1:colcon.colcon_core.environment:checking '/home/jimmy/dev_ws/install/my_bot/bin'
[0.541s] INFO:colcon.colcon_core.shell:Creating package script '/home/jimmy/dev_ws/install/my_bot/share/my_bot/package.ps1'
[0.542s] INFO:colcon.colcon_core.shell:Creating package descriptor '/home/jimmy/dev_ws/install/my_bot/share/my_bot/package.dsv'
[0.542s] INFO:colcon.colcon_core.shell:Creating package script '/home/jimmy/dev_ws/install/my_bot/share/my_bot/package.sh'
[0.542s] INFO:colcon.colcon_core.shell:Creating package script '/home/jimmy/dev_ws/install/my_bot/share/my_bot/package.bash'
[0.542s] INFO:colcon.colcon_core.shell:Creating package script '/home/jimmy/dev_ws/install/my_bot/share/my_bot/package.zsh'
[0.543s] Level 1:colcon.colcon_core.environment:create_file_with_runtime_dependencies(/home/jimmy/dev_ws/install/my_bot/share/colcon-core/packages/my_bot)
[0.557s] Level 1:colcon.colcon_core.environment:create_environment_scripts_only(my_package)
[0.559s] Level 1:colcon.colcon_core.environment:checking '/home/jimmy/dev_ws/install/my_package' for CMake module files
[0.559s] Level 1:colcon.colcon_core.environment:checking '/home/jimmy/dev_ws/install/my_package' for CMake config files
[0.559s] Level 1:colcon.colcon_core.shell:create_environment_hook('my_package', 'cmake_prefix_path')
[0.560s] INFO:colcon.colcon_core.shell:Creating environment hook '/home/jimmy/dev_ws/install/my_package/share/my_package/hook/cmake_prefix_path.ps1'
[0.561s] INFO:colcon.colcon_core.shell:Creating environment descriptor '/home/jimmy/dev_ws/install/my_package/share/my_package/hook/cmake_prefix_path.dsv'
[0.561s] INFO:colcon.colcon_core.shell:Creating environment hook '/home/jimmy/dev_ws/install/my_package/share/my_package/hook/cmake_prefix_path.sh'
[0.561s] Level 1:colcon.colcon_core.environment:checking '/home/jimmy/dev_ws/install/my_package/bin'
[0.561s] Level 1:colcon.colcon_core.environment:checking '/home/jimmy/dev_ws/install/my_package/lib/pkgconfig/my_package.pc'
[0.562s] Level 1:colcon.colcon_core.environment:checking '/home/jimmy/dev_ws/install/my_package/lib/python3.8/site-packages'
[0.562s] Level 1:colcon.colcon_core.environment:checking '/home/jimmy/dev_ws/install/my_package/bin'
[0.563s] INFO:colcon.colcon_core.shell:Creating package script '/home/jimmy/dev_ws/install/my_package/share/my_package/package.ps1'
[0.564s] INFO:colcon.colcon_core.shell:Creating package descriptor '/home/jimmy/dev_ws/install/my_package/share/my_package/package.dsv'
[0.565s] INFO:colcon.colcon_core.shell:Creating package script '/home/jimmy/dev_ws/install/my_package/share/my_package/package.sh'
[0.565s] INFO:colcon.colcon_core.shell:Creating package script '/home/jimmy/dev_ws/install/my_package/share/my_package/package.bash'
[0.565s] INFO:colcon.colcon_core.shell:Creating package script '/home/jimmy/dev_ws/install/my_package/share/my_package/package.zsh'
[0.565s] Level 1:colcon.colcon_core.environment:create_file_with_runtime_dependencies(/home/jimmy/dev_ws/install/my_package/share/colcon-core/packages/my_package)
[0.569s] Level 1:colcon.colcon_core.environment:create_environment_scripts_only(my_bot)
[0.570s] Level 1:colcon.colcon_core.environment:checking '/home/jimmy/dev_ws/install/my_bot' for CMake module files
[0.570s] Level 1:colcon.colcon_core.environment:checking '/home/jimmy/dev_ws/install/my_bot' for CMake config files
[0.571s] Level 1:colcon.colcon_core.shell:create_environment_hook('my_bot', 'cmake_prefix_path')
[0.571s] INFO:colcon.colcon_core.shell:Creating environment hook '/home/jimmy/dev_ws/install/my_bot/share/my_bot/hook/cmake_prefix_path.ps1'
[0.572s] INFO:colcon.colcon_core.shell:Creating environment descriptor '/home/jimmy/dev_ws/install/my_bot/share/my_bot/hook/cmake_prefix_path.dsv'
[0.572s] INFO:colcon.colcon_core.shell:Creating environment hook '/home/jimmy/dev_ws/install/my_bot/share/my_bot/hook/cmake_prefix_path.sh'
[0.572s] Level 1:colcon.colcon_core.environment:checking '/home/jimmy/dev_ws/install/my_bot/bin'
[0.572s] Level 1:colcon.colcon_core.environment:checking '/home/jimmy/dev_ws/install/my_bot/lib/pkgconfig/my_bot.pc'
[0.573s] Level 1:colcon.colcon_core.environment:checking '/home/jimmy/dev_ws/install/my_bot/lib/python3.8/site-packages'
[0.573s] Level 1:colcon.colcon_core.environment:checking '/home/jimmy/dev_ws/install/my_bot/bin'
[0.573s] INFO:colcon.colcon_core.shell:Creating package script '/home/jimmy/dev_ws/install/my_bot/share/my_bot/package.ps1'
[0.573s] INFO:colcon.colcon_core.shell:Creating package descriptor '/home/jimmy/dev_ws/install/my_bot/share/my_bot/package.dsv'
[0.574s] INFO:colcon.colcon_core.shell:Creating package script '/home/jimmy/dev_ws/install/my_bot/share/my_bot/package.sh'
[0.574s] INFO:colcon.colcon_core.shell:Creating package script '/home/jimmy/dev_ws/install/my_bot/share/my_bot/package.bash'
[0.574s] INFO:colcon.colcon_core.shell:Creating package script '/home/jimmy/dev_ws/install/my_bot/share/my_bot/package.zsh'
[0.575s] Level 1:colcon.colcon_core.environment:create_file_with_runtime_dependencies(/home/jimmy/dev_ws/install/my_bot/share/colcon-core/packages/my_bot)
[0.575s] DEBUG:colcon.colcon_parallel_executor.executor.parallel:closing loop
[0.575s] DEBUG:colcon.colcon_parallel_executor.executor.parallel:loop closed
[0.575s] DEBUG:colcon.colcon_parallel_executor.executor.parallel:run_until_complete finished with '0'
[0.575s] DEBUG:colcon.colcon_core.event_reactor:joining thread
[0.581s] INFO:colcon.colcon_core.plugin_system:Skipping extension 'colcon_notification.desktop_notification.terminal_notifier': Not used on non-Darwin systems
[0.581s] INFO:colcon.colcon_core.plugin_system:Skipping extension 'colcon_notification.desktop_notification.win32': Not used on non-Windows systems
[0.581s] INFO:colcon.colcon_notification.desktop_notification:Sending desktop notification using 'notify2'
[0.614s] DEBUG:colcon.colcon_core.event_reactor:joined thread
[0.615s] INFO:colcon.colcon_core.shell:Creating prefix script '/home/jimmy/dev_ws/install/local_setup.ps1'
[0.616s] INFO:colcon.colcon_core.shell:Creating prefix util module '/home/jimmy/dev_ws/install/_local_setup_util_ps1.py'
[0.617s] INFO:colcon.colcon_core.shell:Creating prefix chain script '/home/jimmy/dev_ws/install/setup.ps1'
[0.618s] INFO:colcon.colcon_core.shell:Creating prefix script '/home/jimmy/dev_ws/install/local_setup.sh'
[0.618s] INFO:colcon.colcon_core.shell:Creating prefix util module '/home/jimmy/dev_ws/install/_local_setup_util_sh.py'
[0.619s] INFO:colcon.colcon_core.shell:Creating prefix chain script '/home/jimmy/dev_ws/install/setup.sh'
[0.620s] INFO:colcon.colcon_core.shell:Creating prefix script '/home/jimmy/dev_ws/install/local_setup.bash'
[0.620s] INFO:colcon.colcon_core.shell:Creating prefix chain script '/home/jimmy/dev_ws/install/setup.bash'
[0.621s] INFO:colcon.colcon_core.shell:Creating prefix script '/home/jimmy/dev_ws/install/local_setup.zsh'
[0.621s] INFO:colcon.colcon_core.shell:Creating prefix chain script '/home/jimmy/dev_ws/install/setup.zsh'
