[0.025s] Invoking command in '/home/jimmy/dev_ws/build/my_bot': CMAKE_PREFIX_PATH=/opt/ros/rolling /usr/bin/cmake /home/jimmy/dev_ws/src/my_bot -DAMENT_CMAKE_SYMLINK_INSTALL=1 -DCMAKE_INSTALL_PREFIX=/home/jimmy/dev_ws/install/my_bot
[0.527s] -- The C compiler identification is GNU 9.4.0
[0.684s] -- The CXX compiler identification is GNU 9.4.0
[0.687s] -- Check for working C compiler: /usr/bin/cc
[0.773s] -- Check for working C compiler: /usr/bin/cc -- works
[0.774s] -- Detecting C compiler ABI info
[0.846s] -- Detecting C compiler ABI info - done
[0.854s] -- Detecting C compile features
[0.854s] -- Detecting C compile features - done
[0.856s] -- Check for working CXX compiler: /usr/bin/c++
[0.924s] -- Check for working CXX compiler: /usr/bin/c++ -- works
[0.925s] -- Detecting CXX compiler ABI info
[0.993s] -- Detecting CXX compiler ABI info - done
[1.000s] -- Detecting CXX compile features
[1.001s] -- Detecting CXX compile features - done
[1.015s] -- Found ament_cmake: 1.2.1 (/opt/ros/rolling/share/ament_cmake/cmake)
[1.104s] -- Found Python3: /usr/bin/python3.8 (found version "3.8.10") found components: Interpreter 
[1.148s] -- Override CMake install command with custom implementation using symlinks instead of copying resources
[1.178s] -- Found ament_lint_auto: 0.11.4 (/opt/ros/rolling/share/ament_lint_auto/cmake)
[1.227s] -- Added test 'copyright' to check source files copyright and LICENSE
[1.230s] -- Added test 'flake8' to check Python code syntax and style conventions
[1.231s] -- Added test 'lint_cmake' to check CMake code style
[1.232s] -- Added test 'pep257' to check Python code against some of the style conventions in PEP 257
[1.233s] -- Added test 'xmllint' to check XML markup files
[1.237s] -- Configuring done
[1.240s] -- Generating done
[1.241s] -- Build files have been written to: /home/jimmy/dev_ws/build/my_bot
[1.247s] Invoked command in '/home/jimmy/dev_ws/build/my_bot' returned '0': CMAKE_PREFIX_PATH=/opt/ros/rolling /usr/bin/cmake /home/jimmy/dev_ws/src/my_bot -DAMENT_CMAKE_SYMLINK_INSTALL=1 -DCMAKE_INSTALL_PREFIX=/home/jimmy/dev_ws/install/my_bot
[1.249s] Invoking command in '/home/jimmy/dev_ws/build/my_bot': CMAKE_PREFIX_PATH=/opt/ros/rolling /usr/bin/cmake --build /home/jimmy/dev_ws/build/my_bot -- -j4 -l4
[1.282s] Invoked command in '/home/jimmy/dev_ws/build/my_bot' returned '0': CMAKE_PREFIX_PATH=/opt/ros/rolling /usr/bin/cmake --build /home/jimmy/dev_ws/build/my_bot -- -j4 -l4
[1.311s] Invoking command in '/home/jimmy/dev_ws/build/my_bot': CMAKE_PREFIX_PATH=/opt/ros/rolling /usr/bin/cmake --install /home/jimmy/dev_ws/build/my_bot
[1.318s] -- Install configuration: ""
[1.318s] -- Execute custom install script
[1.319s] -- Symlinking: /home/jimmy/dev_ws/install/my_bot/share/my_bot/config/empty.yaml
[1.326s] -- Symlinking: /home/jimmy/dev_ws/install/my_bot/share/my_bot/description/robot.urdf.xacro
[1.332s] -- Symlinking: /home/jimmy/dev_ws/install/my_bot/share/my_bot/launch/rsp.launch.py
[1.342s] -- Symlinking: /home/jimmy/dev_ws/install/my_bot/share/my_bot/worlds/empty.world
[1.349s] -- Symlinking: /home/jimmy/dev_ws/install/my_bot/share/ament_index/resource_index/package_run_dependencies/my_bot
[1.356s] -- Symlinking: /home/jimmy/dev_ws/install/my_bot/share/ament_index/resource_index/parent_prefix_path/my_bot
[1.364s] -- Symlinking: /home/jimmy/dev_ws/install/my_bot/share/my_bot/environment/ament_prefix_path.sh
[1.374s] -- Symlinking: /home/jimmy/dev_ws/install/my_bot/share/my_bot/environment/ament_prefix_path.dsv
[1.382s] -- Symlinking: /home/jimmy/dev_ws/install/my_bot/share/my_bot/environment/path.sh
[1.390s] -- Symlinking: /home/jimmy/dev_ws/install/my_bot/share/my_bot/environment/path.dsv
[1.398s] -- Symlinking: /home/jimmy/dev_ws/install/my_bot/share/my_bot/local_setup.bash
[1.405s] -- Symlinking: /home/jimmy/dev_ws/install/my_bot/share/my_bot/local_setup.sh
[1.413s] -- Symlinking: /home/jimmy/dev_ws/install/my_bot/share/my_bot/local_setup.zsh
[1.421s] -- Symlinking: /home/jimmy/dev_ws/install/my_bot/share/my_bot/local_setup.dsv
[1.428s] -- Symlinking: /home/jimmy/dev_ws/install/my_bot/share/my_bot/package.dsv
[1.436s] -- Symlinking: /home/jimmy/dev_ws/install/my_bot/share/ament_index/resource_index/packages/my_bot
[1.445s] -- Symlinking: /home/jimmy/dev_ws/install/my_bot/share/my_bot/cmake/my_botConfig.cmake
[1.452s] -- Symlinking: /home/jimmy/dev_ws/install/my_bot/share/my_bot/cmake/my_botConfig-version.cmake
[1.460s] -- Symlinking: /home/jimmy/dev_ws/install/my_bot/share/my_bot/package.xml
[1.471s] Invoked command in '/home/jimmy/dev_ws/build/my_bot' returned '0': CMAKE_PREFIX_PATH=/opt/ros/rolling /usr/bin/cmake --install /home/jimmy/dev_ws/build/my_bot
