[0.169s] DEBUG:colcon:Command line arguments: ['/usr/bin/colcon', 'build', '--symlink-install']
[0.169s] DEBUG:colcon:Parsed command line arguments: Namespace(allow_overriding=[], ament_cmake_args=None, base_paths=['.'], build_base='build', catkin_cmake_args=None, catkin_skip_building_tests=False, cmake_args=None, cmake_clean_cache=False, cmake_clean_first=False, cmake_force_configure=False, cmake_target=None, cmake_target_skip_unavailable=False, continue_on_error=False, event_handlers=None, executor='parallel', ignore_user_meta=False, install_base='install', log_base=None, log_level=None, main=<bound method BuildVerb.main of <colcon_core.verb.build.BuildVerb object at 0xffff7f0d2970>>, merge_install=False, metas=['./colcon.meta'], packages_above=None, packages_above_and_dependencies=None, packages_above_depth=None, packages_end=None, packages_ignore=None, packages_ignore_regex=None, packages_select=None, packages_select_build_failed=False, packages_select_by_dep=None, packages_select_regex=None, packages_select_test_failures=False, packages_skip=None, packages_skip_build_finished=False, packages_skip_by_dep=None, packages_skip_regex=None, packages_skip_test_passed=False, packages_skip_up_to=None, packages_start=None, packages_up_to=None, packages_up_to_regex=None, parallel_workers=6, paths=None, symlink_install=True, test_result_base=None, verb_extension=<colcon_core.verb.build.BuildVerb object at 0xffff7f0d2970>, verb_name='build', verb_parser=<colcon_defaults.argument_parser.defaults.DefaultArgumentsDecorator object at 0xffff7f0d2ee0>)
[0.187s] Level 1:colcon.colcon_core.package_discovery:discover_packages(colcon_meta) check parameters
[0.187s] Level 1:colcon.colcon_core.package_discovery:discover_packages(recursive) check parameters
[0.187s] Level 1:colcon.colcon_core.package_discovery:discover_packages(ignore) check parameters
[0.188s] Level 1:colcon.colcon_core.package_discovery:discover_packages(path) check parameters
[0.188s] Level 1:colcon.colcon_core.package_discovery:discover_packages(colcon_meta) discover
[0.188s] Level 1:colcon.colcon_core.package_discovery:discover_packages(recursive) discover
[0.188s] INFO:colcon.colcon_core.package_discovery:Crawling recursively for packages in '/home/jimmy/dev_ws'
[0.188s] Level 1:colcon.colcon_core.package_identification:_identify(.) by extensions ['ignore', 'ignore_ament_install']
[0.188s] Level 1:colcon.colcon_core.package_identification:_identify(.) by extension 'ignore'
[0.188s] Level 1:colcon.colcon_core.package_identification:_identify(.) by extension 'ignore_ament_install'
[0.188s] Level 1:colcon.colcon_core.package_identification:_identify(.) by extensions ['colcon_pkg']
[0.188s] Level 1:colcon.colcon_core.package_identification:_identify(.) by extension 'colcon_pkg'
[0.188s] Level 1:colcon.colcon_core.package_identification:_identify(.) by extensions ['colcon_meta']
[0.188s] Level 1:colcon.colcon_core.package_identification:_identify(.) by extension 'colcon_meta'
[0.188s] Level 1:colcon.colcon_core.package_identification:_identify(.) by extensions ['ros']
[0.188s] Level 1:colcon.colcon_core.package_identification:_identify(.) by extension 'ros'
[0.194s] Level 1:colcon.colcon_core.package_identification:_identify(.) by extensions ['cmake', 'python']
[0.194s] Level 1:colcon.colcon_core.package_identification:_identify(.) by extension 'cmake'
[0.194s] Level 1:colcon.colcon_core.package_identification:_identify(.) by extension 'python'
[0.195s] Level 1:colcon.colcon_core.package_identification:_identify(.) by extensions ['python_setup_py']
[0.195s] Level 1:colcon.colcon_core.package_identification:_identify(.) by extension 'python_setup_py'
[0.195s] Level 1:colcon.colcon_core.package_identification:_identify(build) by extensions ['ignore', 'ignore_ament_install']
[0.195s] Level 1:colcon.colcon_core.package_identification:_identify(build) by extension 'ignore'
[0.195s] Level 1:colcon.colcon_core.package_identification:_identify(build) ignored
[0.195s] Level 1:colcon.colcon_core.package_identification:_identify(install) by extensions ['ignore', 'ignore_ament_install']
[0.195s] Level 1:colcon.colcon_core.package_identification:_identify(install) by extension 'ignore'
[0.195s] Level 1:colcon.colcon_core.package_identification:_identify(install) ignored
[0.195s] Level 1:colcon.colcon_core.package_identification:_identify(log) by extensions ['ignore', 'ignore_ament_install']
[0.195s] Level 1:colcon.colcon_core.package_identification:_identify(log) by extension 'ignore'
[0.195s] Level 1:colcon.colcon_core.package_identification:_identify(log) ignored
[0.195s] Level 1:colcon.colcon_core.package_identification:_identify(src) by extensions ['ignore', 'ignore_ament_install']
[0.195s] Level 1:colcon.colcon_core.package_identification:_identify(src) by extension 'ignore'
[0.195s] Level 1:colcon.colcon_core.package_identification:_identify(src) by extension 'ignore_ament_install'
[0.195s] Level 1:colcon.colcon_core.package_identification:_identify(src) by extensions ['colcon_pkg']
[0.195s] Level 1:colcon.colcon_core.package_identification:_identify(src) by extension 'colcon_pkg'
[0.195s] Level 1:colcon.colcon_core.package_identification:_identify(src) by extensions ['colcon_meta']
[0.195s] Level 1:colcon.colcon_core.package_identification:_identify(src) by extension 'colcon_meta'
[0.195s] Level 1:colcon.colcon_core.package_identification:_identify(src) by extensions ['ros']
[0.195s] Level 1:colcon.colcon_core.package_identification:_identify(src) by extension 'ros'
[0.195s] Level 1:colcon.colcon_core.package_identification:_identify(src) by extensions ['cmake', 'python']
[0.195s] Level 1:colcon.colcon_core.package_identification:_identify(src) by extension 'cmake'
[0.195s] Level 1:colcon.colcon_core.package_identification:_identify(src) by extension 'python'
[0.195s] Level 1:colcon.colcon_core.package_identification:_identify(src) by extensions ['python_setup_py']
[0.195s] Level 1:colcon.colcon_core.package_identification:_identify(src) by extension 'python_setup_py'
[0.195s] Level 1:colcon.colcon_core.package_identification:_identify(src/my_bot) by extensions ['ignore', 'ignore_ament_install']
[0.195s] Level 1:colcon.colcon_core.package_identification:_identify(src/my_bot) by extension 'ignore'
[0.195s] Level 1:colcon.colcon_core.package_identification:_identify(src/my_bot) by extension 'ignore_ament_install'
[0.195s] Level 1:colcon.colcon_core.package_identification:_identify(src/my_bot) by extensions ['colcon_pkg']
[0.195s] Level 1:colcon.colcon_core.package_identification:_identify(src/my_bot) by extension 'colcon_pkg'
[0.195s] Level 1:colcon.colcon_core.package_identification:_identify(src/my_bot) by extensions ['colcon_meta']
[0.195s] Level 1:colcon.colcon_core.package_identification:_identify(src/my_bot) by extension 'colcon_meta'
[0.195s] Level 1:colcon.colcon_core.package_identification:_identify(src/my_bot) by extensions ['ros']
[0.195s] Level 1:colcon.colcon_core.package_identification:_identify(src/my_bot) by extension 'ros'
[0.197s] DEBUG:colcon.colcon_core.package_identification:Package 'src/my_bot' with type 'ros.ament_cmake' and name 'my_bot'
[0.197s] Level 1:colcon.colcon_core.package_identification:_identify(src/my_package) by extensions ['ignore', 'ignore_ament_install']
[0.197s] Level 1:colcon.colcon_core.package_identification:_identify(src/my_package) by extension 'ignore'
[0.197s] Level 1:colcon.colcon_core.package_identification:_identify(src/my_package) by extension 'ignore_ament_install'
[0.197s] Level 1:colcon.colcon_core.package_identification:_identify(src/my_package) by extensions ['colcon_pkg']
[0.197s] Level 1:colcon.colcon_core.package_identification:_identify(src/my_package) by extension 'colcon_pkg'
[0.197s] Level 1:colcon.colcon_core.package_identification:_identify(src/my_package) by extensions ['colcon_meta']
[0.197s] Level 1:colcon.colcon_core.package_identification:_identify(src/my_package) by extension 'colcon_meta'
[0.197s] Level 1:colcon.colcon_core.package_identification:_identify(src/my_package) by extensions ['ros']
[0.197s] Level 1:colcon.colcon_core.package_identification:_identify(src/my_package) by extension 'ros'
[0.197s] DEBUG:colcon.colcon_core.package_identification:Package 'src/my_package' with type 'ros.ament_cmake' and name 'my_package'
[0.197s] Level 1:colcon.colcon_core.package_discovery:discover_packages(recursive) using defaults
[0.197s] Level 1:colcon.colcon_core.package_discovery:discover_packages(ignore) discover
[0.197s] Level 1:colcon.colcon_core.package_discovery:discover_packages(ignore) using defaults
[0.197s] Level 1:colcon.colcon_core.package_discovery:discover_packages(path) discover
[0.197s] Level 1:colcon.colcon_core.package_discovery:discover_packages(path) using defaults
[0.208s] Level 1:colcon.colcon_core.package_discovery:discover_packages(prefix_path) check parameters
[0.208s] Level 1:colcon.colcon_core.package_discovery:discover_packages(prefix_path) discover
[0.209s] DEBUG:colcon.colcon_installed_package_information.package_discovery:Found 2 installed packages in /home/jimmy/dev_ws/install
[0.210s] DEBUG:colcon.colcon_installed_package_information.package_discovery:Found 291 installed packages in /opt/ros/foxy
[0.212s] DEBUG:colcon.colcon_installed_package_information.package_discovery:Found 271 installed packages in /opt/ros/rolling
[0.216s] Level 1:colcon.colcon_core.package_discovery:discover_packages(prefix_path) using defaults
[0.286s] Level 5:colcon.colcon_core.verb:set package 'my_bot' build argument 'cmake_args' from command line to 'None'
[0.287s] Level 5:colcon.colcon_core.verb:set package 'my_bot' build argument 'cmake_target' from command line to 'None'
[0.287s] Level 5:colcon.colcon_core.verb:set package 'my_bot' build argument 'cmake_target_skip_unavailable' from command line to 'False'
[0.287s] Level 5:colcon.colcon_core.verb:set package 'my_bot' build argument 'cmake_clean_cache' from command line to 'False'
[0.287s] Level 5:colcon.colcon_core.verb:set package 'my_bot' build argument 'cmake_clean_first' from command line to 'False'
[0.287s] Level 5:colcon.colcon_core.verb:set package 'my_bot' build argument 'cmake_force_configure' from command line to 'False'
[0.287s] Level 5:colcon.colcon_core.verb:set package 'my_bot' build argument 'ament_cmake_args' from command line to 'None'
[0.287s] Level 5:colcon.colcon_core.verb:set package 'my_bot' build argument 'catkin_cmake_args' from command line to 'None'
[0.287s] Level 5:colcon.colcon_core.verb:set package 'my_bot' build argument 'catkin_skip_building_tests' from command line to 'False'
[0.287s] DEBUG:colcon.colcon_core.verb:Building package 'my_bot' with the following arguments: {'ament_cmake_args': None, 'build_base': '/home/jimmy/dev_ws/build/my_bot', 'catkin_cmake_args': None, 'catkin_skip_building_tests': False, 'cmake_args': None, 'cmake_clean_cache': False, 'cmake_clean_first': False, 'cmake_force_configure': False, 'cmake_target': None, 'cmake_target_skip_unavailable': False, 'install_base': '/home/jimmy/dev_ws/install/my_bot', 'merge_install': False, 'path': '/home/jimmy/dev_ws/src/my_bot', 'symlink_install': True, 'test_result_base': None}
[0.287s] Level 5:colcon.colcon_core.verb:set package 'my_package' build argument 'cmake_args' from command line to 'None'
[0.287s] Level 5:colcon.colcon_core.verb:set package 'my_package' build argument 'cmake_target' from command line to 'None'
[0.287s] Level 5:colcon.colcon_core.verb:set package 'my_package' build argument 'cmake_target_skip_unavailable' from command line to 'False'
[0.287s] Level 5:colcon.colcon_core.verb:set package 'my_package' build argument 'cmake_clean_cache' from command line to 'False'
[0.287s] Level 5:colcon.colcon_core.verb:set package 'my_package' build argument 'cmake_clean_first' from command line to 'False'
[0.287s] Level 5:colcon.colcon_core.verb:set package 'my_package' build argument 'cmake_force_configure' from command line to 'False'
[0.287s] Level 5:colcon.colcon_core.verb:set package 'my_package' build argument 'ament_cmake_args' from command line to 'None'
[0.287s] Level 5:colcon.colcon_core.verb:set package 'my_package' build argument 'catkin_cmake_args' from command line to 'None'
[0.287s] Level 5:colcon.colcon_core.verb:set package 'my_package' build argument 'catkin_skip_building_tests' from command line to 'False'
[0.287s] DEBUG:colcon.colcon_core.verb:Building package 'my_package' with the following arguments: {'ament_cmake_args': None, 'build_base': '/home/jimmy/dev_ws/build/my_package', 'catkin_cmake_args': None, 'catkin_skip_building_tests': False, 'cmake_args': None, 'cmake_clean_cache': False, 'cmake_clean_first': False, 'cmake_force_configure': False, 'cmake_target': None, 'cmake_target_skip_unavailable': False, 'install_base': '/home/jimmy/dev_ws/install/my_package', 'merge_install': False, 'path': '/home/jimmy/dev_ws/src/my_package', 'symlink_install': True, 'test_result_base': None}
[0.288s] INFO:colcon.colcon_core.executor:Executing jobs using 'parallel' executor
[0.289s] DEBUG:colcon.colcon_parallel_executor.executor.parallel:run_until_complete
[0.289s] INFO:colcon.colcon_ros.task.ament_cmake.build:Building ROS package in '/home/jimmy/dev_ws/src/my_bot' with build type 'ament_cmake'
[0.289s] INFO:colcon.colcon_cmake.task.cmake.build:Building CMake package in '/home/jimmy/dev_ws/src/my_bot'
[0.292s] INFO:colcon.colcon_core.plugin_system:Skipping extension 'colcon_core.shell.bat': Not used on non-Windows systems
[0.292s] INFO:colcon.colcon_core.shell:Skip shell extension 'powershell' for command environment: Not usable outside of PowerShell
[0.292s] DEBUG:colcon.colcon_core.shell:Skip shell extension 'dsv' for command environment
[0.296s] INFO:colcon.colcon_ros.task.ament_cmake.build:Building ROS package in '/home/jimmy/dev_ws/src/my_package' with build type 'ament_cmake'
[0.296s] INFO:colcon.colcon_cmake.task.cmake.build:Building CMake package in '/home/jimmy/dev_ws/src/my_package'
[0.297s] INFO:colcon.colcon_core.shell:Skip shell extension 'powershell' for command environment: Not usable outside of PowerShell
[0.297s] DEBUG:colcon.colcon_core.shell:Skip shell extension 'dsv' for command environment
[0.309s] DEBUG:colcon.colcon_core.event_handler.log_command:Invoking command in '/home/jimmy/dev_ws/build/my_bot': CMAKE_PREFIX_PATH=${CMAKE_PREFIX_PATH}:/opt/ros/foxy:/opt/ros/rolling /usr/bin/cmake --build /home/jimmy/dev_ws/build/my_bot -- -j6 -l6
[0.324s] DEBUG:colcon.colcon_core.event_handler.log_command:Invoking command in '/home/jimmy/dev_ws/build/my_package': CMAKE_PREFIX_PATH=${CMAKE_PREFIX_PATH}:/opt/ros/foxy:/opt/ros/rolling /usr/bin/cmake --build /home/jimmy/dev_ws/build/my_package -- -j6 -l6
[0.369s] DEBUG:colcon.colcon_core.event_handler.log_command:Invoked command in '/home/jimmy/dev_ws/build/my_bot' returned '0': CMAKE_PREFIX_PATH=${CMAKE_PREFIX_PATH}:/opt/ros/foxy:/opt/ros/rolling /usr/bin/cmake --build /home/jimmy/dev_ws/build/my_bot -- -j6 -l6
[0.371s] DEBUG:colcon.colcon_core.event_handler.log_command:Invoked command in '/home/jimmy/dev_ws/build/my_package' returned '0': CMAKE_PREFIX_PATH=${CMAKE_PREFIX_PATH}:/opt/ros/foxy:/opt/ros/rolling /usr/bin/cmake --build /home/jimmy/dev_ws/build/my_package -- -j6 -l6
[0.399s] DEBUG:colcon.colcon_core.event_handler.log_command:Invoking command in '/home/jimmy/dev_ws/build/my_bot': CMAKE_PREFIX_PATH=${CMAKE_PREFIX_PATH}:/opt/ros/foxy:/opt/ros/rolling /usr/bin/cmake --install /home/jimmy/dev_ws/build/my_bot
[0.401s] DEBUG:colcon.colcon_core.event_handler.log_command:Invoking command in '/home/jimmy/dev_ws/build/my_package': CMAKE_PREFIX_PATH=${CMAKE_PREFIX_PATH}:/opt/ros/foxy:/opt/ros/rolling /usr/bin/cmake --install /home/jimmy/dev_ws/build/my_package
[0.431s] Level 1:colcon.colcon_core.environment:create_environment_scripts_only(my_package)
[0.435s] Level 1:colcon.colcon_core.environment:checking '/home/jimmy/dev_ws/install/my_package' for CMake module files
[0.436s] Level 1:colcon.colcon_core.environment:checking '/home/jimmy/dev_ws/install/my_package' for CMake config files
[0.436s] DEBUG:colcon.colcon_core.event_handler.log_command:Invoked command in '/home/jimmy/dev_ws/build/my_package' returned '0': CMAKE_PREFIX_PATH=${CMAKE_PREFIX_PATH}:/opt/ros/foxy:/opt/ros/rolling /usr/bin/cmake --install /home/jimmy/dev_ws/build/my_package
[0.436s] Level 1:colcon.colcon_core.shell:create_environment_hook('my_package', 'cmake_prefix_path')
[0.437s] INFO:colcon.colcon_core.shell:Creating environment hook '/home/jimmy/dev_ws/install/my_package/share/my_package/hook/cmake_prefix_path.ps1'
[0.438s] INFO:colcon.colcon_core.shell:Creating environment descriptor '/home/jimmy/dev_ws/install/my_package/share/my_package/hook/cmake_prefix_path.dsv'
[0.438s] INFO:colcon.colcon_core.shell:Creating environment hook '/home/jimmy/dev_ws/install/my_package/share/my_package/hook/cmake_prefix_path.sh'
[0.439s] Level 1:colcon.colcon_core.environment:checking '/home/jimmy/dev_ws/install/my_package/bin'
[0.439s] Level 1:colcon.colcon_core.environment:checking '/home/jimmy/dev_ws/install/my_package/lib/pkgconfig/my_package.pc'
[0.439s] Level 1:colcon.colcon_core.environment:checking '/home/jimmy/dev_ws/install/my_package/lib/python3.8/site-packages'
[0.439s] Level 1:colcon.colcon_core.environment:checking '/home/jimmy/dev_ws/install/my_package/bin'
[0.440s] INFO:colcon.colcon_core.shell:Creating package script '/home/jimmy/dev_ws/install/my_package/share/my_package/package.ps1'
[0.440s] INFO:colcon.colcon_core.shell:Creating package descriptor '/home/jimmy/dev_ws/install/my_package/share/my_package/package.dsv'
[0.440s] INFO:colcon.colcon_core.shell:Creating package script '/home/jimmy/dev_ws/install/my_package/share/my_package/package.sh'
[0.441s] INFO:colcon.colcon_core.shell:Creating package script '/home/jimmy/dev_ws/install/my_package/share/my_package/package.bash'
[0.441s] INFO:colcon.colcon_core.shell:Creating package script '/home/jimmy/dev_ws/install/my_package/share/my_package/package.zsh'
[0.442s] Level 1:colcon.colcon_core.environment:create_file_with_runtime_dependencies(/home/jimmy/dev_ws/install/my_package/share/colcon-core/packages/my_package)
[0.444s] Level 1:colcon.colcon_core.environment:create_environment_scripts_only(my_bot)
[0.445s] Level 1:colcon.colcon_core.environment:checking '/home/jimmy/dev_ws/install/my_bot' for CMake module files
[0.445s] DEBUG:colcon.colcon_core.event_handler.log_command:Invoked command in '/home/jimmy/dev_ws/build/my_bot' returned '0': CMAKE_PREFIX_PATH=${CMAKE_PREFIX_PATH}:/opt/ros/foxy:/opt/ros/rolling /usr/bin/cmake --install /home/jimmy/dev_ws/build/my_bot
[0.446s] Level 1:colcon.colcon_core.environment:checking '/home/jimmy/dev_ws/install/my_bot' for CMake config files
[0.446s] Level 1:colcon.colcon_core.shell:create_environment_hook('my_bot', 'cmake_prefix_path')
[0.446s] INFO:colcon.colcon_core.shell:Creating environment hook '/home/jimmy/dev_ws/install/my_bot/share/my_bot/hook/cmake_prefix_path.ps1'
[0.447s] INFO:colcon.colcon_core.shell:Creating environment descriptor '/home/jimmy/dev_ws/install/my_bot/share/my_bot/hook/cmake_prefix_path.dsv'
[0.447s] INFO:colcon.colcon_core.shell:Creating environment hook '/home/jimmy/dev_ws/install/my_bot/share/my_bot/hook/cmake_prefix_path.sh'
[0.448s] Level 1:colcon.colcon_core.environment:checking '/home/jimmy/dev_ws/install/my_bot/bin'
[0.448s] Level 1:colcon.colcon_core.environment:checking '/home/jimmy/dev_ws/install/my_bot/lib/pkgconfig/my_bot.pc'
[0.448s] Level 1:colcon.colcon_core.environment:checking '/home/jimmy/dev_ws/install/my_bot/lib/python3.8/site-packages'
[0.448s] Level 1:colcon.colcon_core.environment:checking '/home/jimmy/dev_ws/install/my_bot/bin'
[0.449s] INFO:colcon.colcon_core.shell:Creating package script '/home/jimmy/dev_ws/install/my_bot/share/my_bot/package.ps1'
[0.449s] INFO:colcon.colcon_core.shell:Creating package descriptor '/home/jimmy/dev_ws/install/my_bot/share/my_bot/package.dsv'
[0.449s] INFO:colcon.colcon_core.shell:Creating package script '/home/jimmy/dev_ws/install/my_bot/share/my_bot/package.sh'
[0.449s] INFO:colcon.colcon_core.shell:Creating package script '/home/jimmy/dev_ws/install/my_bot/share/my_bot/package.bash'
[0.449s] INFO:colcon.colcon_core.shell:Creating package script '/home/jimmy/dev_ws/install/my_bot/share/my_bot/package.zsh'
[0.450s] Level 1:colcon.colcon_core.environment:create_file_with_runtime_dependencies(/home/jimmy/dev_ws/install/my_bot/share/colcon-core/packages/my_bot)
[0.465s] Level 1:colcon.colcon_core.environment:create_environment_scripts_only(my_package)
[0.466s] Level 1:colcon.colcon_core.environment:checking '/home/jimmy/dev_ws/install/my_package' for CMake module files
[0.466s] Level 1:colcon.colcon_core.environment:checking '/home/jimmy/dev_ws/install/my_package' for CMake config files
[0.467s] Level 1:colcon.colcon_core.shell:create_environment_hook('my_package', 'cmake_prefix_path')
[0.467s] INFO:colcon.colcon_core.shell:Creating environment hook '/home/jimmy/dev_ws/install/my_package/share/my_package/hook/cmake_prefix_path.ps1'
[0.468s] INFO:colcon.colcon_core.shell:Creating environment descriptor '/home/jimmy/dev_ws/install/my_package/share/my_package/hook/cmake_prefix_path.dsv'
[0.468s] INFO:colcon.colcon_core.shell:Creating environment hook '/home/jimmy/dev_ws/install/my_package/share/my_package/hook/cmake_prefix_path.sh'
[0.468s] Level 1:colcon.colcon_core.environment:checking '/home/jimmy/dev_ws/install/my_package/bin'
[0.468s] Level 1:colcon.colcon_core.environment:checking '/home/jimmy/dev_ws/install/my_package/lib/pkgconfig/my_package.pc'
[0.469s] Level 1:colcon.colcon_core.environment:checking '/home/jimmy/dev_ws/install/my_package/lib/python3.8/site-packages'
[0.469s] Level 1:colcon.colcon_core.environment:checking '/home/jimmy/dev_ws/install/my_package/bin'
[0.469s] INFO:colcon.colcon_core.shell:Creating package script '/home/jimmy/dev_ws/install/my_package/share/my_package/package.ps1'
[0.470s] INFO:colcon.colcon_core.shell:Creating package descriptor '/home/jimmy/dev_ws/install/my_package/share/my_package/package.dsv'
[0.470s] INFO:colcon.colcon_core.shell:Creating package script '/home/jimmy/dev_ws/install/my_package/share/my_package/package.sh'
[0.470s] INFO:colcon.colcon_core.shell:Creating package script '/home/jimmy/dev_ws/install/my_package/share/my_package/package.bash'
[0.470s] INFO:colcon.colcon_core.shell:Creating package script '/home/jimmy/dev_ws/install/my_package/share/my_package/package.zsh'
[0.471s] Level 1:colcon.colcon_core.environment:create_file_with_runtime_dependencies(/home/jimmy/dev_ws/install/my_package/share/colcon-core/packages/my_package)
[0.472s] Level 1:colcon.colcon_core.environment:create_environment_scripts_only(my_bot)
[0.473s] Level 1:colcon.colcon_core.environment:checking '/home/jimmy/dev_ws/install/my_bot' for CMake module files
[0.474s] Level 1:colcon.colcon_core.environment:checking '/home/jimmy/dev_ws/install/my_bot' for CMake config files
[0.474s] Level 1:colcon.colcon_core.shell:create_environment_hook('my_bot', 'cmake_prefix_path')
[0.474s] INFO:colcon.colcon_core.shell:Creating environment hook '/home/jimmy/dev_ws/install/my_bot/share/my_bot/hook/cmake_prefix_path.ps1'
[0.475s] INFO:colcon.colcon_core.shell:Creating environment descriptor '/home/jimmy/dev_ws/install/my_bot/share/my_bot/hook/cmake_prefix_path.dsv'
[0.475s] INFO:colcon.colcon_core.shell:Creating environment hook '/home/jimmy/dev_ws/install/my_bot/share/my_bot/hook/cmake_prefix_path.sh'
[0.475s] Level 1:colcon.colcon_core.environment:checking '/home/jimmy/dev_ws/install/my_bot/bin'
[0.475s] Level 1:colcon.colcon_core.environment:checking '/home/jimmy/dev_ws/install/my_bot/lib/pkgconfig/my_bot.pc'
[0.475s] Level 1:colcon.colcon_core.environment:checking '/home/jimmy/dev_ws/install/my_bot/lib/python3.8/site-packages'
[0.475s] Level 1:colcon.colcon_core.environment:checking '/home/jimmy/dev_ws/install/my_bot/bin'
[0.476s] INFO:colcon.colcon_core.shell:Creating package script '/home/jimmy/dev_ws/install/my_bot/share/my_bot/package.ps1'
[0.476s] INFO:colcon.colcon_core.shell:Creating package descriptor '/home/jimmy/dev_ws/install/my_bot/share/my_bot/package.dsv'
[0.477s] INFO:colcon.colcon_core.shell:Creating package script '/home/jimmy/dev_ws/install/my_bot/share/my_bot/package.sh'
[0.477s] INFO:colcon.colcon_core.shell:Creating package script '/home/jimmy/dev_ws/install/my_bot/share/my_bot/package.bash'
[0.477s] INFO:colcon.colcon_core.shell:Creating package script '/home/jimmy/dev_ws/install/my_bot/share/my_bot/package.zsh'
[0.477s] Level 1:colcon.colcon_core.environment:create_file_with_runtime_dependencies(/home/jimmy/dev_ws/install/my_bot/share/colcon-core/packages/my_bot)
[0.477s] DEBUG:colcon.colcon_parallel_executor.executor.parallel:closing loop
[0.477s] DEBUG:colcon.colcon_parallel_executor.executor.parallel:loop closed
[0.477s] DEBUG:colcon.colcon_parallel_executor.executor.parallel:run_until_complete finished with '0'
[0.477s] DEBUG:colcon.colcon_core.event_reactor:joining thread
[0.482s] INFO:colcon.colcon_core.plugin_system:Skipping extension 'colcon_notification.desktop_notification.terminal_notifier': Not used on non-Darwin systems
[0.482s] INFO:colcon.colcon_core.plugin_system:Skipping extension 'colcon_notification.desktop_notification.win32': Not used on non-Windows systems
[0.482s] INFO:colcon.colcon_notification.desktop_notification:Sending desktop notification using 'notify2'
[0.501s] DEBUG:colcon.colcon_core.event_reactor:joined thread
[0.502s] INFO:colcon.colcon_core.shell:Creating prefix script '/home/jimmy/dev_ws/install/local_setup.ps1'
[0.504s] INFO:colcon.colcon_core.shell:Creating prefix util module '/home/jimmy/dev_ws/install/_local_setup_util_ps1.py'
[0.507s] INFO:colcon.colcon_core.shell:Creating prefix chain script '/home/jimmy/dev_ws/install/setup.ps1'
[0.508s] INFO:colcon.colcon_core.shell:Creating prefix script '/home/jimmy/dev_ws/install/local_setup.sh'
[0.509s] INFO:colcon.colcon_core.shell:Creating prefix util module '/home/jimmy/dev_ws/install/_local_setup_util_sh.py'
[0.511s] INFO:colcon.colcon_core.shell:Creating prefix chain script '/home/jimmy/dev_ws/install/setup.sh'
[0.512s] INFO:colcon.colcon_core.shell:Creating prefix script '/home/jimmy/dev_ws/install/local_setup.bash'
[0.512s] INFO:colcon.colcon_core.shell:Creating prefix chain script '/home/jimmy/dev_ws/install/setup.bash'
[0.513s] INFO:colcon.colcon_core.shell:Creating prefix script '/home/jimmy/dev_ws/install/local_setup.zsh'
[0.513s] INFO:colcon.colcon_core.shell:Creating prefix chain script '/home/jimmy/dev_ws/install/setup.zsh'
