[0.033s] Invoking command in '/home/jimmy/dev_ws/build/my_package': CMAKE_PREFIX_PATH=${CMAKE_PREFIX_PATH}:/opt/ros/foxy /usr/bin/cmake --build /home/jimmy/dev_ws/build/my_package -- -j6 -l6
[0.129s] -- Found ament_cmake: 0.9.11 (/opt/ros/foxy/share/ament_cmake/cmake)
[0.153s] -- Found PythonInterp: /usr/bin/python3 (found suitable version "3.8.10", minimum required is "3") 
[0.154s] -- Using PYTHON_EXECUTABLE: /usr/bin/python3
[0.252s] -- Override CMake install command with custom implementation using symlinks instead of copying resources
[0.280s] -- Found ament_lint_auto: 0.9.7 (/opt/ros/foxy/share/ament_lint_auto/cmake)
[0.335s] -- Added test 'flake8' to check Python code syntax and style conventions
[0.336s] -- Added test 'lint_cmake' to check CMake code style
[0.336s] -- Added test 'pep257' to check Python code against some of the style conventions in PEP 257
[0.337s] -- Added test 'xmllint' to check XML markup files
[0.339s] -- Configuring done
[0.343s] -- Generating done
[0.344s] -- Build files have been written to: /home/jimmy/dev_ws/build/my_package
[0.364s] Invoked command in '/home/jimmy/dev_ws/build/my_package' returned '0': CMAKE_PREFIX_PATH=${CMAKE_PREFIX_PATH}:/opt/ros/foxy /usr/bin/cmake --build /home/jimmy/dev_ws/build/my_package -- -j6 -l6
[0.393s] Invoking command in '/home/jimmy/dev_ws/build/my_package': CMAKE_PREFIX_PATH=${CMAKE_PREFIX_PATH}:/opt/ros/foxy /usr/bin/cmake --install /home/jimmy/dev_ws/build/my_package
[0.401s] -- Install configuration: ""
[0.402s] -- Execute custom install script
[0.402s] -- Up-to-date symlink: /home/jimmy/dev_ws/install/my_package/share/ament_index/resource_index/package_run_dependencies/my_package
[0.403s] -- Up-to-date symlink: /home/jimmy/dev_ws/install/my_package/share/ament_index/resource_index/parent_prefix_path/my_package
[0.404s] -- Symlinking: /home/jimmy/dev_ws/install/my_package/share/my_package/environment/ament_prefix_path.sh
[0.412s] -- Up-to-date symlink: /home/jimmy/dev_ws/install/my_package/share/my_package/environment/ament_prefix_path.dsv
[0.412s] -- Symlinking: /home/jimmy/dev_ws/install/my_package/share/my_package/environment/path.sh
[0.421s] -- Up-to-date symlink: /home/jimmy/dev_ws/install/my_package/share/my_package/environment/path.dsv
[0.422s] -- Up-to-date symlink: /home/jimmy/dev_ws/install/my_package/share/my_package/local_setup.bash
[0.422s] -- Up-to-date symlink: /home/jimmy/dev_ws/install/my_package/share/my_package/local_setup.sh
[0.423s] -- Up-to-date symlink: /home/jimmy/dev_ws/install/my_package/share/my_package/local_setup.zsh
[0.423s] -- Up-to-date symlink: /home/jimmy/dev_ws/install/my_package/share/my_package/local_setup.dsv
[0.423s] -- Symlinking: /home/jimmy/dev_ws/install/my_package/share/my_package/package.dsv
[0.431s] -- Up-to-date symlink: /home/jimmy/dev_ws/install/my_package/share/ament_index/resource_index/packages/my_package
[0.431s] -- Up-to-date symlink: /home/jimmy/dev_ws/install/my_package/share/my_package/cmake/my_packageConfig.cmake
[0.432s] -- Up-to-date symlink: /home/jimmy/dev_ws/install/my_package/share/my_package/cmake/my_packageConfig-version.cmake
[0.432s] -- Up-to-date symlink: /home/jimmy/dev_ws/install/my_package/share/my_package/package.xml
[0.435s] Invoked command in '/home/jimmy/dev_ws/build/my_package' returned '0': CMAKE_PREFIX_PATH=${CMAKE_PREFIX_PATH}:/opt/ros/foxy /usr/bin/cmake --install /home/jimmy/dev_ws/build/my_package
