[0.024s] Invoking command in '/home/jimmy/dev_ws/build/my_bot': CMAKE_PREFIX_PATH=${CMAKE_PREFIX_PATH}:/opt/ros/foxy /usr/bin/cmake --build /home/jimmy/dev_ws/build/my_bot -- -j6 -l6
[0.141s] -- Found ament_cmake: 0.9.11 (/opt/ros/foxy/share/ament_cmake/cmake)
[0.166s] -- Found PythonInterp: /usr/bin/python3 (found suitable version "3.8.10", minimum required is "3") 
[0.166s] -- Using PYTHON_EXECUTABLE: /usr/bin/python3
[0.264s] -- Override CMake install command with custom implementation using symlinks instead of copying resources
[0.293s] -- Found ament_lint_auto: 0.9.7 (/opt/ros/foxy/share/ament_lint_auto/cmake)
[0.345s] -- Added test 'copyright' to check source files copyright and LICENSE
[0.355s] -- Added test 'flake8' to check Python code syntax and style conventions
[0.356s] -- Added test 'lint_cmake' to check CMake code style
[0.356s] -- Added test 'pep257' to check Python code against some of the style conventions in PEP 257
[0.359s] -- Added test 'xmllint' to check XML markup files
[0.360s] -- Configuring done
[0.363s] -- Generating done
[0.364s] -- Build files have been written to: /home/jimmy/dev_ws/build/my_bot
[0.385s] Invoked command in '/home/jimmy/dev_ws/build/my_bot' returned '0': CMAKE_PREFIX_PATH=${CMAKE_PREFIX_PATH}:/opt/ros/foxy /usr/bin/cmake --build /home/jimmy/dev_ws/build/my_bot -- -j6 -l6
[0.407s] Invoking command in '/home/jimmy/dev_ws/build/my_bot': CMAKE_PREFIX_PATH=${CMAKE_PREFIX_PATH}:/opt/ros/foxy /usr/bin/cmake --install /home/jimmy/dev_ws/build/my_bot
[0.415s] -- Install configuration: ""
[0.415s] -- Execute custom install script
[0.416s] -- Up-to-date symlink: /home/jimmy/dev_ws/install/my_bot/share/my_bot/config/empty.yaml
[0.416s] -- Up-to-date symlink: /home/jimmy/dev_ws/install/my_bot/share/my_bot/config/mapper_params_online_async.yaml
[0.416s] -- Up-to-date symlink: /home/jimmy/dev_ws/install/my_bot/share/my_bot/config/my_controllers.yaml
[0.417s] -- Up-to-date symlink: /home/jimmy/dev_ws/install/my_bot/share/my_bot/description/camera.xacro
[0.417s] -- Up-to-date symlink: /home/jimmy/dev_ws/install/my_bot/share/my_bot/description/gazebo_control.xacro
[0.417s] -- Up-to-date symlink: /home/jimmy/dev_ws/install/my_bot/share/my_bot/description/inertial_macros.xacro
[0.417s] -- Up-to-date symlink: /home/jimmy/dev_ws/install/my_bot/share/my_bot/description/lidar.xacro
[0.417s] -- Up-to-date symlink: /home/jimmy/dev_ws/install/my_bot/share/my_bot/description/robot.urdf.xacro
[0.417s] -- Up-to-date symlink: /home/jimmy/dev_ws/install/my_bot/share/my_bot/description/robot_core.xacro
[0.417s] -- Up-to-date symlink: /home/jimmy/dev_ws/install/my_bot/share/my_bot/description/ros2_control.xacro
[0.418s] -- Up-to-date symlink: /home/jimmy/dev_ws/install/my_bot/share/my_bot/launch/launch_sim.launch.py
[0.418s] -- Up-to-date symlink: /home/jimmy/dev_ws/install/my_bot/share/my_bot/launch/rsp.launch.py
[0.418s] -- Up-to-date symlink: /home/jimmy/dev_ws/install/my_bot/share/my_bot/worlds/empty.world
[0.418s] -- Up-to-date symlink: /home/jimmy/dev_ws/install/my_bot/share/my_bot/worlds/obstacles.world
[0.418s] -- Up-to-date symlink: /home/jimmy/dev_ws/install/my_bot/share/ament_index/resource_index/package_run_dependencies/my_bot
[0.419s] -- Up-to-date symlink: /home/jimmy/dev_ws/install/my_bot/share/ament_index/resource_index/parent_prefix_path/my_bot
[0.420s] -- Symlinking: /home/jimmy/dev_ws/install/my_bot/share/my_bot/environment/ament_prefix_path.sh
[0.427s] -- Up-to-date symlink: /home/jimmy/dev_ws/install/my_bot/share/my_bot/environment/ament_prefix_path.dsv
[0.427s] -- Symlinking: /home/jimmy/dev_ws/install/my_bot/share/my_bot/environment/path.sh
[0.436s] -- Up-to-date symlink: /home/jimmy/dev_ws/install/my_bot/share/my_bot/environment/path.dsv
[0.436s] -- Up-to-date symlink: /home/jimmy/dev_ws/install/my_bot/share/my_bot/local_setup.bash
[0.436s] -- Up-to-date symlink: /home/jimmy/dev_ws/install/my_bot/share/my_bot/local_setup.sh
[0.436s] -- Up-to-date symlink: /home/jimmy/dev_ws/install/my_bot/share/my_bot/local_setup.zsh
[0.437s] -- Up-to-date symlink: /home/jimmy/dev_ws/install/my_bot/share/my_bot/local_setup.dsv
[0.437s] -- Symlinking: /home/jimmy/dev_ws/install/my_bot/share/my_bot/package.dsv
[0.444s] -- Up-to-date symlink: /home/jimmy/dev_ws/install/my_bot/share/ament_index/resource_index/packages/my_bot
[0.445s] -- Up-to-date symlink: /home/jimmy/dev_ws/install/my_bot/share/my_bot/cmake/my_botConfig.cmake
[0.445s] -- Up-to-date symlink: /home/jimmy/dev_ws/install/my_bot/share/my_bot/cmake/my_botConfig-version.cmake
[0.445s] -- Up-to-date symlink: /home/jimmy/dev_ws/install/my_bot/share/my_bot/package.xml
[0.465s] Invoked command in '/home/jimmy/dev_ws/build/my_bot' returned '0': CMAKE_PREFIX_PATH=${CMAKE_PREFIX_PATH}:/opt/ros/foxy /usr/bin/cmake --install /home/jimmy/dev_ws/build/my_bot
