[0.031s] Invoking command in '/home/jimmy/dev_ws/build/my_bot': CMAKE_PREFIX_PATH=${CMAKE_PREFIX_PATH}:/opt/ros/foxy:/opt/ros/rolling /usr/bin/cmake --build /home/jimmy/dev_ws/build/my_bot -- -j4 -l4
[0.079s] Invoked command in '/home/jimmy/dev_ws/build/my_bot' returned '0': CMAKE_PREFIX_PATH=${CMAKE_PREFIX_PATH}:/opt/ros/foxy:/opt/ros/rolling /usr/bin/cmake --build /home/jimmy/dev_ws/build/my_bot -- -j4 -l4
[0.109s] Invoking command in '/home/jimmy/dev_ws/build/my_bot': CMAKE_PREFIX_PATH=${CMAKE_PREFIX_PATH}:/opt/ros/foxy:/opt/ros/rolling /usr/bin/cmake --install /home/jimmy/dev_ws/build/my_bot
[0.120s] -- Install configuration: ""
[0.121s] -- Execute custom install script
[0.121s] -- Up-to-date symlink: /home/jimmy/dev_ws/install/my_bot/share/my_bot/config/empty.yaml
[0.122s] -- Up-to-date symlink: /home/jimmy/dev_ws/install/my_bot/share/my_bot/description/robot.urdf.xacro
[0.122s] -- Up-to-date symlink: /home/jimmy/dev_ws/install/my_bot/share/my_bot/description/robot_core.xacro
[0.122s] -- Up-to-date symlink: /home/jimmy/dev_ws/install/my_bot/share/my_bot/launch/rsp.launch.py
[0.122s] -- Up-to-date symlink: /home/jimmy/dev_ws/install/my_bot/share/my_bot/worlds/empty.world
[0.122s] -- Up-to-date symlink: /home/jimmy/dev_ws/install/my_bot/share/ament_index/resource_index/package_run_dependencies/my_bot
[0.122s] -- Up-to-date symlink: /home/jimmy/dev_ws/install/my_bot/share/ament_index/resource_index/parent_prefix_path/my_bot
[0.122s] -- Up-to-date symlink: /home/jimmy/dev_ws/install/my_bot/share/my_bot/environment/ament_prefix_path.sh
[0.122s] -- Up-to-date symlink: /home/jimmy/dev_ws/install/my_bot/share/my_bot/environment/ament_prefix_path.dsv
[0.122s] -- Up-to-date symlink: /home/jimmy/dev_ws/install/my_bot/share/my_bot/environment/path.sh
[0.122s] -- Up-to-date symlink: /home/jimmy/dev_ws/install/my_bot/share/my_bot/environment/path.dsv
[0.122s] -- Up-to-date symlink: /home/jimmy/dev_ws/install/my_bot/share/my_bot/local_setup.bash
[0.122s] -- Up-to-date symlink: /home/jimmy/dev_ws/install/my_bot/share/my_bot/local_setup.sh
[0.122s] -- Up-to-date symlink: /home/jimmy/dev_ws/install/my_bot/share/my_bot/local_setup.zsh
[0.122s] -- Up-to-date symlink: /home/jimmy/dev_ws/install/my_bot/share/my_bot/local_setup.dsv
[0.122s] -- Symlinking: /home/jimmy/dev_ws/install/my_bot/share/my_bot/package.dsv
[0.132s] -- Up-to-date symlink: /home/jimmy/dev_ws/install/my_bot/share/ament_index/resource_index/packages/my_bot
[0.134s] -- Up-to-date symlink: /home/jimmy/dev_ws/install/my_bot/share/my_bot/cmake/my_botConfig.cmake
[0.135s] -- Up-to-date symlink: /home/jimmy/dev_ws/install/my_bot/share/my_bot/cmake/my_botConfig-version.cmake
[0.136s] -- Up-to-date symlink: /home/jimmy/dev_ws/install/my_bot/share/my_bot/package.xml
[0.147s] Invoked command in '/home/jimmy/dev_ws/build/my_bot' returned '0': CMAKE_PREFIX_PATH=${CMAKE_PREFIX_PATH}:/opt/ros/foxy:/opt/ros/rolling /usr/bin/cmake --install /home/jimmy/dev_ws/build/my_bot
