[0.049s] Invoking command in '/home/jimmy/dev_ws/build/my_package': CMAKE_PREFIX_PATH=${CMAKE_PREFIX_PATH}:/opt/ros/foxy:/opt/ros/rolling /usr/bin/cmake --build /home/jimmy/dev_ws/build/my_package -- -j6 -l6
[0.152s] Invoked command in '/home/jimmy/dev_ws/build/my_package' returned '0': CMAKE_PREFIX_PATH=${CMAKE_PREFIX_PATH}:/opt/ros/foxy:/opt/ros/rolling /usr/bin/cmake --build /home/jimmy/dev_ws/build/my_package -- -j6 -l6
[0.182s] Invoking command in '/home/jimmy/dev_ws/build/my_package': CMAKE_PREFIX_PATH=${CMAKE_PREFIX_PATH}:/opt/ros/foxy:/opt/ros/rolling /usr/bin/cmake --install /home/jimmy/dev_ws/build/my_package
[0.191s] -- Install configuration: ""
[0.192s] -- Execute custom install script
[0.193s] -- Up-to-date symlink: /home/jimmy/dev_ws/install/my_package/share/ament_index/resource_index/package_run_dependencies/my_package
[0.194s] -- Up-to-date symlink: /home/jimmy/dev_ws/install/my_package/share/ament_index/resource_index/parent_prefix_path/my_package
[0.194s] -- Up-to-date symlink: /home/jimmy/dev_ws/install/my_package/share/my_package/environment/ament_prefix_path.sh
[0.194s] -- Up-to-date symlink: /home/jimmy/dev_ws/install/my_package/share/my_package/environment/ament_prefix_path.dsv
[0.195s] -- Up-to-date symlink: /home/jimmy/dev_ws/install/my_package/share/my_package/environment/path.sh
[0.195s] -- Up-to-date symlink: /home/jimmy/dev_ws/install/my_package/share/my_package/environment/path.dsv
[0.196s] -- Up-to-date symlink: /home/jimmy/dev_ws/install/my_package/share/my_package/local_setup.bash
[0.196s] -- Up-to-date symlink: /home/jimmy/dev_ws/install/my_package/share/my_package/local_setup.sh
[0.196s] -- Up-to-date symlink: /home/jimmy/dev_ws/install/my_package/share/my_package/local_setup.zsh
[0.197s] -- Up-to-date symlink: /home/jimmy/dev_ws/install/my_package/share/my_package/local_setup.dsv
[0.197s] -- Symlinking: /home/jimmy/dev_ws/install/my_package/share/my_package/package.dsv
[0.206s] -- Up-to-date symlink: /home/jimmy/dev_ws/install/my_package/share/ament_index/resource_index/packages/my_package
[0.206s] -- Up-to-date symlink: /home/jimmy/dev_ws/install/my_package/share/my_package/cmake/my_packageConfig.cmake
[0.206s] -- Up-to-date symlink: /home/jimmy/dev_ws/install/my_package/share/my_package/cmake/my_packageConfig-version.cmake
[0.207s] -- Up-to-date symlink: /home/jimmy/dev_ws/install/my_package/share/my_package/package.xml
[0.233s] Invoked command in '/home/jimmy/dev_ws/build/my_package' returned '0': CMAKE_PREFIX_PATH=${CMAKE_PREFIX_PATH}:/opt/ros/foxy:/opt/ros/rolling /usr/bin/cmake --install /home/jimmy/dev_ws/build/my_package
