[0.029s] Invoking command in '/home/jimmy/dev_ws/build/my_bot': CMAKE_PREFIX_PATH=${CMAKE_PREFIX_PATH}:/opt/ros/foxy /usr/bin/cmake --build /home/jimmy/dev_ws/build/my_bot -- -j6 -l6
[0.157s] Invoked command in '/home/jimmy/dev_ws/build/my_bot' returned '0': CMAKE_PREFIX_PATH=${CMAKE_PREFIX_PATH}:/opt/ros/foxy /usr/bin/cmake --build /home/jimmy/dev_ws/build/my_bot -- -j6 -l6
[0.189s] Invoking command in '/home/jimmy/dev_ws/build/my_bot': CMAKE_PREFIX_PATH=${CMAKE_PREFIX_PATH}:/opt/ros/foxy /usr/bin/cmake --install /home/jimmy/dev_ws/build/my_bot
[0.194s] -- Install configuration: ""
[0.194s] -- Execute custom install script
[0.195s] -- Up-to-date symlink: /home/jimmy/dev_ws/install/my_bot/share/my_bot/config/empty.yaml
[0.196s] -- Symlinking: /home/jimmy/dev_ws/install/my_bot/share/my_bot/config/gazebo_params.yaml
[0.205s] -- Up-to-date symlink: /home/jimmy/dev_ws/install/my_bot/share/my_bot/config/mapper_params_online_async.yaml
[0.205s] -- Up-to-date symlink: /home/jimmy/dev_ws/install/my_bot/share/my_bot/config/my_controllers.yaml
[0.205s] -- Up-to-date symlink: /home/jimmy/dev_ws/install/my_bot/share/my_bot/description/camera.xacro
[0.205s] -- Up-to-date symlink: /home/jimmy/dev_ws/install/my_bot/share/my_bot/description/gazebo_control.xacro
[0.205s] -- Up-to-date symlink: /home/jimmy/dev_ws/install/my_bot/share/my_bot/description/inertial_macros.xacro
[0.205s] -- Up-to-date symlink: /home/jimmy/dev_ws/install/my_bot/share/my_bot/description/lidar.xacro
[0.206s] -- Up-to-date symlink: /home/jimmy/dev_ws/install/my_bot/share/my_bot/description/robot.urdf.xacro
[0.206s] -- Up-to-date symlink: /home/jimmy/dev_ws/install/my_bot/share/my_bot/description/robot_core.xacro
[0.206s] -- Up-to-date symlink: /home/jimmy/dev_ws/install/my_bot/share/my_bot/description/ros2_control.xacro
[0.206s] -- Up-to-date symlink: /home/jimmy/dev_ws/install/my_bot/share/my_bot/launch/launch_sim.launch.py
[0.206s] -- Up-to-date symlink: /home/jimmy/dev_ws/install/my_bot/share/my_bot/launch/rsp.launch.py
[0.206s] -- Up-to-date symlink: /home/jimmy/dev_ws/install/my_bot/share/my_bot/worlds/empty.world
[0.206s] -- Up-to-date symlink: /home/jimmy/dev_ws/install/my_bot/share/my_bot/worlds/obstacles.world
[0.207s] -- Up-to-date symlink: /home/jimmy/dev_ws/install/my_bot/share/ament_index/resource_index/package_run_dependencies/my_bot
[0.207s] -- Up-to-date symlink: /home/jimmy/dev_ws/install/my_bot/share/ament_index/resource_index/parent_prefix_path/my_bot
[0.208s] -- Up-to-date symlink: /home/jimmy/dev_ws/install/my_bot/share/my_bot/environment/ament_prefix_path.sh
[0.208s] -- Up-to-date symlink: /home/jimmy/dev_ws/install/my_bot/share/my_bot/environment/ament_prefix_path.dsv
[0.208s] -- Up-to-date symlink: /home/jimmy/dev_ws/install/my_bot/share/my_bot/environment/path.sh
[0.208s] -- Up-to-date symlink: /home/jimmy/dev_ws/install/my_bot/share/my_bot/environment/path.dsv
[0.208s] -- Up-to-date symlink: /home/jimmy/dev_ws/install/my_bot/share/my_bot/local_setup.bash
[0.208s] -- Up-to-date symlink: /home/jimmy/dev_ws/install/my_bot/share/my_bot/local_setup.sh
[0.209s] -- Up-to-date symlink: /home/jimmy/dev_ws/install/my_bot/share/my_bot/local_setup.zsh
[0.209s] -- Up-to-date symlink: /home/jimmy/dev_ws/install/my_bot/share/my_bot/local_setup.dsv
[0.209s] -- Symlinking: /home/jimmy/dev_ws/install/my_bot/share/my_bot/package.dsv
[0.217s] -- Up-to-date symlink: /home/jimmy/dev_ws/install/my_bot/share/ament_index/resource_index/packages/my_bot
[0.217s] -- Up-to-date symlink: /home/jimmy/dev_ws/install/my_bot/share/my_bot/cmake/my_botConfig.cmake
[0.218s] -- Up-to-date symlink: /home/jimmy/dev_ws/install/my_bot/share/my_bot/cmake/my_botConfig-version.cmake
[0.218s] -- Up-to-date symlink: /home/jimmy/dev_ws/install/my_bot/share/my_bot/package.xml
[0.233s] Invoked command in '/home/jimmy/dev_ws/build/my_bot' returned '0': CMAKE_PREFIX_PATH=${CMAKE_PREFIX_PATH}:/opt/ros/foxy /usr/bin/cmake --install /home/jimmy/dev_ws/build/my_bot
