[0.159s] DEBUG:colcon:Command line arguments: ['/usr/bin/colcon', 'build', '--symlink-install']
[0.159s] DEBUG:colcon:Parsed command line arguments: Namespace(allow_overriding=[], ament_cmake_args=None, base_paths=['.'], build_base='build', catkin_cmake_args=None, catkin_skip_building_tests=False, cmake_args=None, cmake_clean_cache=False, cmake_clean_first=False, cmake_force_configure=False, cmake_target=None, cmake_target_skip_unavailable=False, continue_on_error=False, event_handlers=None, executor='parallel', ignore_user_meta=False, install_base='install', log_base=None, log_level=None, main=<bound method BuildVerb.main of <colcon_core.verb.build.BuildVerb object at 0xffff941f8100>>, merge_install=False, metas=['./colcon.meta'], packages_above=None, packages_above_and_dependencies=None, packages_above_depth=None, packages_end=None, packages_ignore=None, packages_ignore_regex=None, packages_select=None, packages_select_build_failed=False, packages_select_by_dep=None, packages_select_regex=None, packages_select_test_failures=False, packages_skip=None, packages_skip_build_finished=False, packages_skip_by_dep=None, packages_skip_regex=None, packages_skip_test_passed=False, packages_skip_up_to=None, packages_start=None, packages_up_to=None, packages_up_to_regex=None, parallel_workers=6, paths=None, symlink_install=True, test_result_base=None, verb_extension=<colcon_core.verb.build.BuildVerb object at 0xffff941f8100>, verb_name='build', verb_parser=<colcon_defaults.argument_parser.defaults.DefaultArgumentsDecorator object at 0xffff941f8640>)
[0.174s] Level 1:colcon.colcon_core.package_discovery:discover_packages(colcon_meta) check parameters
[0.174s] Level 1:colcon.colcon_core.package_discovery:discover_packages(recursive) check parameters
[0.174s] Level 1:colcon.colcon_core.package_discovery:discover_packages(ignore) check parameters
[0.174s] Level 1:colcon.colcon_core.package_discovery:discover_packages(path) check parameters
[0.174s] Level 1:colcon.colcon_core.package_discovery:discover_packages(colcon_meta) discover
[0.174s] Level 1:colcon.colcon_core.package_discovery:discover_packages(recursive) discover
[0.174s] INFO:colcon.colcon_core.package_discovery:Crawling recursively for packages in '/home/jimmy/dev_ws'
[0.174s] Level 1:colcon.colcon_core.package_identification:_identify(.) by extensions ['ignore', 'ignore_ament_install']
[0.174s] Level 1:colcon.colcon_core.package_identification:_identify(.) by extension 'ignore'
[0.174s] Level 1:colcon.colcon_core.package_identification:_identify(.) by extension 'ignore_ament_install'
[0.174s] Level 1:colcon.colcon_core.package_identification:_identify(.) by extensions ['colcon_pkg']
[0.174s] Level 1:colcon.colcon_core.package_identification:_identify(.) by extension 'colcon_pkg'
[0.174s] Level 1:colcon.colcon_core.package_identification:_identify(.) by extensions ['colcon_meta']
[0.174s] Level 1:colcon.colcon_core.package_identification:_identify(.) by extension 'colcon_meta'
[0.174s] Level 1:colcon.colcon_core.package_identification:_identify(.) by extensions ['ros']
[0.174s] Level 1:colcon.colcon_core.package_identification:_identify(.) by extension 'ros'
[0.185s] Level 1:colcon.colcon_core.package_identification:_identify(.) by extensions ['cmake', 'python']
[0.185s] Level 1:colcon.colcon_core.package_identification:_identify(.) by extension 'cmake'
[0.185s] Level 1:colcon.colcon_core.package_identification:_identify(.) by extension 'python'
[0.185s] Level 1:colcon.colcon_core.package_identification:_identify(.) by extensions ['python_setup_py']
[0.185s] Level 1:colcon.colcon_core.package_identification:_identify(.) by extension 'python_setup_py'
[0.185s] Level 1:colcon.colcon_core.package_identification:_identify(build) by extensions ['ignore', 'ignore_ament_install']
[0.185s] Level 1:colcon.colcon_core.package_identification:_identify(build) by extension 'ignore'
[0.185s] Level 1:colcon.colcon_core.package_identification:_identify(build) ignored
[0.185s] Level 1:colcon.colcon_core.package_identification:_identify(install) by extensions ['ignore', 'ignore_ament_install']
[0.185s] Level 1:colcon.colcon_core.package_identification:_identify(install) by extension 'ignore'
[0.185s] Level 1:colcon.colcon_core.package_identification:_identify(install) ignored
[0.185s] Level 1:colcon.colcon_core.package_identification:_identify(log) by extensions ['ignore', 'ignore_ament_install']
[0.185s] Level 1:colcon.colcon_core.package_identification:_identify(log) by extension 'ignore'
[0.185s] Level 1:colcon.colcon_core.package_identification:_identify(log) ignored
[0.185s] Level 1:colcon.colcon_core.package_identification:_identify(src) by extensions ['ignore', 'ignore_ament_install']
[0.185s] Level 1:colcon.colcon_core.package_identification:_identify(src) by extension 'ignore'
[0.185s] Level 1:colcon.colcon_core.package_identification:_identify(src) by extension 'ignore_ament_install'
[0.185s] Level 1:colcon.colcon_core.package_identification:_identify(src) by extensions ['colcon_pkg']
[0.185s] Level 1:colcon.colcon_core.package_identification:_identify(src) by extension 'colcon_pkg'
[0.185s] Level 1:colcon.colcon_core.package_identification:_identify(src) by extensions ['colcon_meta']
[0.185s] Level 1:colcon.colcon_core.package_identification:_identify(src) by extension 'colcon_meta'
[0.185s] Level 1:colcon.colcon_core.package_identification:_identify(src) by extensions ['ros']
[0.186s] Level 1:colcon.colcon_core.package_identification:_identify(src) by extension 'ros'
[0.186s] Level 1:colcon.colcon_core.package_identification:_identify(src) by extensions ['cmake', 'python']
[0.186s] Level 1:colcon.colcon_core.package_identification:_identify(src) by extension 'cmake'
[0.186s] Level 1:colcon.colcon_core.package_identification:_identify(src) by extension 'python'
[0.186s] Level 1:colcon.colcon_core.package_identification:_identify(src) by extensions ['python_setup_py']
[0.186s] Level 1:colcon.colcon_core.package_identification:_identify(src) by extension 'python_setup_py'
[0.186s] Level 1:colcon.colcon_core.package_identification:_identify(src/my_bot) by extensions ['ignore', 'ignore_ament_install']
[0.186s] Level 1:colcon.colcon_core.package_identification:_identify(src/my_bot) by extension 'ignore'
[0.186s] Level 1:colcon.colcon_core.package_identification:_identify(src/my_bot) by extension 'ignore_ament_install'
[0.186s] Level 1:colcon.colcon_core.package_identification:_identify(src/my_bot) by extensions ['colcon_pkg']
[0.186s] Level 1:colcon.colcon_core.package_identification:_identify(src/my_bot) by extension 'colcon_pkg'
[0.186s] Level 1:colcon.colcon_core.package_identification:_identify(src/my_bot) by extensions ['colcon_meta']
[0.186s] Level 1:colcon.colcon_core.package_identification:_identify(src/my_bot) by extension 'colcon_meta'
[0.186s] Level 1:colcon.colcon_core.package_identification:_identify(src/my_bot) by extensions ['ros']
[0.186s] Level 1:colcon.colcon_core.package_identification:_identify(src/my_bot) by extension 'ros'
[0.187s] DEBUG:colcon.colcon_core.package_identification:Package 'src/my_bot' with type 'ros.ament_cmake' and name 'my_bot'
[0.187s] Level 1:colcon.colcon_core.package_identification:_identify(src/my_package) by extensions ['ignore', 'ignore_ament_install']
[0.187s] Level 1:colcon.colcon_core.package_identification:_identify(src/my_package) by extension 'ignore'
[0.187s] Level 1:colcon.colcon_core.package_identification:_identify(src/my_package) by extension 'ignore_ament_install'
[0.187s] Level 1:colcon.colcon_core.package_identification:_identify(src/my_package) by extensions ['colcon_pkg']
[0.187s] Level 1:colcon.colcon_core.package_identification:_identify(src/my_package) by extension 'colcon_pkg'
[0.187s] Level 1:colcon.colcon_core.package_identification:_identify(src/my_package) by extensions ['colcon_meta']
[0.187s] Level 1:colcon.colcon_core.package_identification:_identify(src/my_package) by extension 'colcon_meta'
[0.187s] Level 1:colcon.colcon_core.package_identification:_identify(src/my_package) by extensions ['ros']
[0.188s] Level 1:colcon.colcon_core.package_identification:_identify(src/my_package) by extension 'ros'
[0.188s] DEBUG:colcon.colcon_core.package_identification:Package 'src/my_package' with type 'ros.ament_cmake' and name 'my_package'
[0.188s] Level 1:colcon.colcon_core.package_discovery:discover_packages(recursive) using defaults
[0.188s] Level 1:colcon.colcon_core.package_discovery:discover_packages(ignore) discover
[0.188s] Level 1:colcon.colcon_core.package_discovery:discover_packages(ignore) using defaults
[0.188s] Level 1:colcon.colcon_core.package_discovery:discover_packages(path) discover
[0.188s] Level 1:colcon.colcon_core.package_discovery:discover_packages(path) using defaults
[0.200s] Level 1:colcon.colcon_core.package_discovery:discover_packages(prefix_path) check parameters
[0.200s] Level 1:colcon.colcon_core.package_discovery:discover_packages(prefix_path) discover
[0.201s] DEBUG:colcon.colcon_installed_package_information.package_discovery:Found 2 installed packages in /home/jimmy/dev_ws/install
[0.202s] DEBUG:colcon.colcon_installed_package_information.package_discovery:Found 285 installed packages in /opt/ros/foxy
[0.203s] Level 1:colcon.colcon_core.package_discovery:discover_packages(prefix_path) using defaults
[0.236s] Level 5:colcon.colcon_core.verb:set package 'my_bot' build argument 'cmake_args' from command line to 'None'
[0.236s] Level 5:colcon.colcon_core.verb:set package 'my_bot' build argument 'cmake_target' from command line to 'None'
[0.236s] Level 5:colcon.colcon_core.verb:set package 'my_bot' build argument 'cmake_target_skip_unavailable' from command line to 'False'
[0.236s] Level 5:colcon.colcon_core.verb:set package 'my_bot' build argument 'cmake_clean_cache' from command line to 'False'
[0.236s] Level 5:colcon.colcon_core.verb:set package 'my_bot' build argument 'cmake_clean_first' from command line to 'False'
[0.236s] Level 5:colcon.colcon_core.verb:set package 'my_bot' build argument 'cmake_force_configure' from command line to 'False'
[0.236s] Level 5:colcon.colcon_core.verb:set package 'my_bot' build argument 'ament_cmake_args' from command line to 'None'
[0.236s] Level 5:colcon.colcon_core.verb:set package 'my_bot' build argument 'catkin_cmake_args' from command line to 'None'
[0.236s] Level 5:colcon.colcon_core.verb:set package 'my_bot' build argument 'catkin_skip_building_tests' from command line to 'False'
[0.236s] DEBUG:colcon.colcon_core.verb:Building package 'my_bot' with the following arguments: {'ament_cmake_args': None, 'build_base': '/home/jimmy/dev_ws/build/my_bot', 'catkin_cmake_args': None, 'catkin_skip_building_tests': False, 'cmake_args': None, 'cmake_clean_cache': False, 'cmake_clean_first': False, 'cmake_force_configure': False, 'cmake_target': None, 'cmake_target_skip_unavailable': False, 'install_base': '/home/jimmy/dev_ws/install/my_bot', 'merge_install': False, 'path': '/home/jimmy/dev_ws/src/my_bot', 'symlink_install': True, 'test_result_base': None}
[0.237s] Level 5:colcon.colcon_core.verb:set package 'my_package' build argument 'cmake_args' from command line to 'None'
[0.237s] Level 5:colcon.colcon_core.verb:set package 'my_package' build argument 'cmake_target' from command line to 'None'
[0.237s] Level 5:colcon.colcon_core.verb:set package 'my_package' build argument 'cmake_target_skip_unavailable' from command line to 'False'
[0.237s] Level 5:colcon.colcon_core.verb:set package 'my_package' build argument 'cmake_clean_cache' from command line to 'False'
[0.237s] Level 5:colcon.colcon_core.verb:set package 'my_package' build argument 'cmake_clean_first' from command line to 'False'
[0.237s] Level 5:colcon.colcon_core.verb:set package 'my_package' build argument 'cmake_force_configure' from command line to 'False'
[0.237s] Level 5:colcon.colcon_core.verb:set package 'my_package' build argument 'ament_cmake_args' from command line to 'None'
[0.237s] Level 5:colcon.colcon_core.verb:set package 'my_package' build argument 'catkin_cmake_args' from command line to 'None'
[0.237s] Level 5:colcon.colcon_core.verb:set package 'my_package' build argument 'catkin_skip_building_tests' from command line to 'False'
[0.237s] DEBUG:colcon.colcon_core.verb:Building package 'my_package' with the following arguments: {'ament_cmake_args': None, 'build_base': '/home/jimmy/dev_ws/build/my_package', 'catkin_cmake_args': None, 'catkin_skip_building_tests': False, 'cmake_args': None, 'cmake_clean_cache': False, 'cmake_clean_first': False, 'cmake_force_configure': False, 'cmake_target': None, 'cmake_target_skip_unavailable': False, 'install_base': '/home/jimmy/dev_ws/install/my_package', 'merge_install': False, 'path': '/home/jimmy/dev_ws/src/my_package', 'symlink_install': True, 'test_result_base': None}
[0.237s] INFO:colcon.colcon_core.executor:Executing jobs using 'parallel' executor
[0.239s] DEBUG:colcon.colcon_parallel_executor.executor.parallel:run_until_complete
[0.239s] INFO:colcon.colcon_ros.task.ament_cmake.build:Building ROS package in '/home/jimmy/dev_ws/src/my_bot' with build type 'ament_cmake'
[0.239s] INFO:colcon.colcon_cmake.task.cmake.build:Building CMake package in '/home/jimmy/dev_ws/src/my_bot'
[0.241s] INFO:colcon.colcon_core.plugin_system:Skipping extension 'colcon_core.shell.bat': Not used on non-Windows systems
[0.241s] INFO:colcon.colcon_core.shell:Skip shell extension 'powershell' for command environment: Not usable outside of PowerShell
[0.241s] DEBUG:colcon.colcon_core.shell:Skip shell extension 'dsv' for command environment
[0.246s] INFO:colcon.colcon_ros.task.ament_cmake.build:Building ROS package in '/home/jimmy/dev_ws/src/my_package' with build type 'ament_cmake'
[0.246s] INFO:colcon.colcon_cmake.task.cmake.build:Building CMake package in '/home/jimmy/dev_ws/src/my_package'
[0.247s] INFO:colcon.colcon_core.shell:Skip shell extension 'powershell' for command environment: Not usable outside of PowerShell
[0.247s] DEBUG:colcon.colcon_core.shell:Skip shell extension 'dsv' for command environment
[0.257s] DEBUG:colcon.colcon_core.event_handler.log_command:Invoking command in '/home/jimmy/dev_ws/build/my_bot': CMAKE_PREFIX_PATH=${CMAKE_PREFIX_PATH}:/opt/ros/foxy /usr/bin/cmake --build /home/jimmy/dev_ws/build/my_bot -- -j6 -l6
[0.272s] DEBUG:colcon.colcon_core.event_handler.log_command:Invoking command in '/home/jimmy/dev_ws/build/my_package': CMAKE_PREFIX_PATH=${CMAKE_PREFIX_PATH}:/opt/ros/foxy /usr/bin/cmake --build /home/jimmy/dev_ws/build/my_package -- -j6 -l6
[0.313s] DEBUG:colcon.colcon_core.event_handler.log_command:Invoked command in '/home/jimmy/dev_ws/build/my_package' returned '0': CMAKE_PREFIX_PATH=${CMAKE_PREFIX_PATH}:/opt/ros/foxy /usr/bin/cmake --build /home/jimmy/dev_ws/build/my_package -- -j6 -l6
[0.316s] DEBUG:colcon.colcon_core.event_handler.log_command:Invoked command in '/home/jimmy/dev_ws/build/my_bot' returned '0': CMAKE_PREFIX_PATH=${CMAKE_PREFIX_PATH}:/opt/ros/foxy /usr/bin/cmake --build /home/jimmy/dev_ws/build/my_bot -- -j6 -l6
[0.347s] DEBUG:colcon.colcon_core.event_handler.log_command:Invoking command in '/home/jimmy/dev_ws/build/my_bot': CMAKE_PREFIX_PATH=${CMAKE_PREFIX_PATH}:/opt/ros/foxy /usr/bin/cmake --install /home/jimmy/dev_ws/build/my_bot
[0.350s] DEBUG:colcon.colcon_core.event_handler.log_command:Invoking command in '/home/jimmy/dev_ws/build/my_package': CMAKE_PREFIX_PATH=${CMAKE_PREFIX_PATH}:/opt/ros/foxy /usr/bin/cmake --install /home/jimmy/dev_ws/build/my_package
[0.376s] Level 1:colcon.colcon_core.environment:create_environment_scripts_only(my_package)
[0.376s] DEBUG:colcon.colcon_core.event_handler.log_command:Invoked command in '/home/jimmy/dev_ws/build/my_package' returned '0': CMAKE_PREFIX_PATH=${CMAKE_PREFIX_PATH}:/opt/ros/foxy /usr/bin/cmake --install /home/jimmy/dev_ws/build/my_package
[0.379s] Level 1:colcon.colcon_core.environment:checking '/home/jimmy/dev_ws/install/my_package' for CMake module files
[0.380s] Level 1:colcon.colcon_core.environment:checking '/home/jimmy/dev_ws/install/my_package' for CMake config files
[0.380s] Level 1:colcon.colcon_core.shell:create_environment_hook('my_package', 'cmake_prefix_path')
[0.381s] INFO:colcon.colcon_core.shell:Creating environment hook '/home/jimmy/dev_ws/install/my_package/share/my_package/hook/cmake_prefix_path.ps1'
[0.381s] INFO:colcon.colcon_core.shell:Creating environment descriptor '/home/jimmy/dev_ws/install/my_package/share/my_package/hook/cmake_prefix_path.dsv'
[0.381s] INFO:colcon.colcon_core.shell:Creating environment hook '/home/jimmy/dev_ws/install/my_package/share/my_package/hook/cmake_prefix_path.sh'
[0.382s] Level 1:colcon.colcon_core.environment:checking '/home/jimmy/dev_ws/install/my_package/bin'
[0.382s] Level 1:colcon.colcon_core.environment:checking '/home/jimmy/dev_ws/install/my_package/lib/pkgconfig/my_package.pc'
[0.382s] Level 1:colcon.colcon_core.environment:checking '/home/jimmy/dev_ws/install/my_package/lib/python3.8/site-packages'
[0.382s] Level 1:colcon.colcon_core.environment:checking '/home/jimmy/dev_ws/install/my_package/bin'
[0.383s] INFO:colcon.colcon_core.shell:Creating package script '/home/jimmy/dev_ws/install/my_package/share/my_package/package.ps1'
[0.385s] INFO:colcon.colcon_core.shell:Creating package descriptor '/home/jimmy/dev_ws/install/my_package/share/my_package/package.dsv'
[0.386s] INFO:colcon.colcon_core.shell:Creating package script '/home/jimmy/dev_ws/install/my_package/share/my_package/package.sh'
[0.386s] INFO:colcon.colcon_core.shell:Creating package script '/home/jimmy/dev_ws/install/my_package/share/my_package/package.bash'
[0.387s] INFO:colcon.colcon_core.shell:Creating package script '/home/jimmy/dev_ws/install/my_package/share/my_package/package.zsh'
[0.387s] Level 1:colcon.colcon_core.environment:create_file_with_runtime_dependencies(/home/jimmy/dev_ws/install/my_package/share/colcon-core/packages/my_package)
[0.389s] Level 1:colcon.colcon_core.environment:create_environment_scripts_only(my_bot)
[0.390s] Level 1:colcon.colcon_core.environment:checking '/home/jimmy/dev_ws/install/my_bot' for CMake module files
[0.391s] DEBUG:colcon.colcon_core.event_handler.log_command:Invoked command in '/home/jimmy/dev_ws/build/my_bot' returned '0': CMAKE_PREFIX_PATH=${CMAKE_PREFIX_PATH}:/opt/ros/foxy /usr/bin/cmake --install /home/jimmy/dev_ws/build/my_bot
[0.391s] Level 1:colcon.colcon_core.environment:checking '/home/jimmy/dev_ws/install/my_bot' for CMake config files
[0.391s] Level 1:colcon.colcon_core.shell:create_environment_hook('my_bot', 'cmake_prefix_path')
[0.392s] INFO:colcon.colcon_core.shell:Creating environment hook '/home/jimmy/dev_ws/install/my_bot/share/my_bot/hook/cmake_prefix_path.ps1'
[0.392s] INFO:colcon.colcon_core.shell:Creating environment descriptor '/home/jimmy/dev_ws/install/my_bot/share/my_bot/hook/cmake_prefix_path.dsv'
[0.392s] INFO:colcon.colcon_core.shell:Creating environment hook '/home/jimmy/dev_ws/install/my_bot/share/my_bot/hook/cmake_prefix_path.sh'
[0.393s] Level 1:colcon.colcon_core.environment:checking '/home/jimmy/dev_ws/install/my_bot/bin'
[0.393s] Level 1:colcon.colcon_core.environment:checking '/home/jimmy/dev_ws/install/my_bot/lib/pkgconfig/my_bot.pc'
[0.393s] Level 1:colcon.colcon_core.environment:checking '/home/jimmy/dev_ws/install/my_bot/lib/python3.8/site-packages'
[0.393s] Level 1:colcon.colcon_core.environment:checking '/home/jimmy/dev_ws/install/my_bot/bin'
[0.394s] INFO:colcon.colcon_core.shell:Creating package script '/home/jimmy/dev_ws/install/my_bot/share/my_bot/package.ps1'
[0.394s] INFO:colcon.colcon_core.shell:Creating package descriptor '/home/jimmy/dev_ws/install/my_bot/share/my_bot/package.dsv'
[0.394s] INFO:colcon.colcon_core.shell:Creating package script '/home/jimmy/dev_ws/install/my_bot/share/my_bot/package.sh'
[0.394s] INFO:colcon.colcon_core.shell:Creating package script '/home/jimmy/dev_ws/install/my_bot/share/my_bot/package.bash'
[0.394s] INFO:colcon.colcon_core.shell:Creating package script '/home/jimmy/dev_ws/install/my_bot/share/my_bot/package.zsh'
[0.395s] Level 1:colcon.colcon_core.environment:create_file_with_runtime_dependencies(/home/jimmy/dev_ws/install/my_bot/share/colcon-core/packages/my_bot)
[0.407s] Level 1:colcon.colcon_core.environment:create_environment_scripts_only(my_package)
[0.408s] Level 1:colcon.colcon_core.environment:checking '/home/jimmy/dev_ws/install/my_package' for CMake module files
[0.408s] Level 1:colcon.colcon_core.environment:checking '/home/jimmy/dev_ws/install/my_package' for CMake config files
[0.408s] Level 1:colcon.colcon_core.shell:create_environment_hook('my_package', 'cmake_prefix_path')
[0.409s] INFO:colcon.colcon_core.shell:Creating environment hook '/home/jimmy/dev_ws/install/my_package/share/my_package/hook/cmake_prefix_path.ps1'
[0.409s] INFO:colcon.colcon_core.shell:Creating environment descriptor '/home/jimmy/dev_ws/install/my_package/share/my_package/hook/cmake_prefix_path.dsv'
[0.409s] INFO:colcon.colcon_core.shell:Creating environment hook '/home/jimmy/dev_ws/install/my_package/share/my_package/hook/cmake_prefix_path.sh'
[0.409s] Level 1:colcon.colcon_core.environment:checking '/home/jimmy/dev_ws/install/my_package/bin'
[0.410s] Level 1:colcon.colcon_core.environment:checking '/home/jimmy/dev_ws/install/my_package/lib/pkgconfig/my_package.pc'
[0.410s] Level 1:colcon.colcon_core.environment:checking '/home/jimmy/dev_ws/install/my_package/lib/python3.8/site-packages'
[0.410s] Level 1:colcon.colcon_core.environment:checking '/home/jimmy/dev_ws/install/my_package/bin'
[0.410s] INFO:colcon.colcon_core.shell:Creating package script '/home/jimmy/dev_ws/install/my_package/share/my_package/package.ps1'
[0.411s] INFO:colcon.colcon_core.shell:Creating package descriptor '/home/jimmy/dev_ws/install/my_package/share/my_package/package.dsv'
[0.411s] INFO:colcon.colcon_core.shell:Creating package script '/home/jimmy/dev_ws/install/my_package/share/my_package/package.sh'
[0.411s] INFO:colcon.colcon_core.shell:Creating package script '/home/jimmy/dev_ws/install/my_package/share/my_package/package.bash'
[0.412s] INFO:colcon.colcon_core.shell:Creating package script '/home/jimmy/dev_ws/install/my_package/share/my_package/package.zsh'
[0.412s] Level 1:colcon.colcon_core.environment:create_file_with_runtime_dependencies(/home/jimmy/dev_ws/install/my_package/share/colcon-core/packages/my_package)
[0.415s] Level 1:colcon.colcon_core.environment:create_environment_scripts_only(my_bot)
[0.416s] Level 1:colcon.colcon_core.environment:checking '/home/jimmy/dev_ws/install/my_bot' for CMake module files
[0.416s] Level 1:colcon.colcon_core.environment:checking '/home/jimmy/dev_ws/install/my_bot' for CMake config files
[0.416s] Level 1:colcon.colcon_core.shell:create_environment_hook('my_bot', 'cmake_prefix_path')
[0.417s] INFO:colcon.colcon_core.shell:Creating environment hook '/home/jimmy/dev_ws/install/my_bot/share/my_bot/hook/cmake_prefix_path.ps1'
[0.417s] INFO:colcon.colcon_core.shell:Creating environment descriptor '/home/jimmy/dev_ws/install/my_bot/share/my_bot/hook/cmake_prefix_path.dsv'
[0.417s] INFO:colcon.colcon_core.shell:Creating environment hook '/home/jimmy/dev_ws/install/my_bot/share/my_bot/hook/cmake_prefix_path.sh'
[0.417s] Level 1:colcon.colcon_core.environment:checking '/home/jimmy/dev_ws/install/my_bot/bin'
[0.417s] Level 1:colcon.colcon_core.environment:checking '/home/jimmy/dev_ws/install/my_bot/lib/pkgconfig/my_bot.pc'
[0.417s] Level 1:colcon.colcon_core.environment:checking '/home/jimmy/dev_ws/install/my_bot/lib/python3.8/site-packages'
[0.417s] Level 1:colcon.colcon_core.environment:checking '/home/jimmy/dev_ws/install/my_bot/bin'
[0.418s] INFO:colcon.colcon_core.shell:Creating package script '/home/jimmy/dev_ws/install/my_bot/share/my_bot/package.ps1'
[0.418s] INFO:colcon.colcon_core.shell:Creating package descriptor '/home/jimmy/dev_ws/install/my_bot/share/my_bot/package.dsv'
[0.418s] INFO:colcon.colcon_core.shell:Creating package script '/home/jimmy/dev_ws/install/my_bot/share/my_bot/package.sh'
[0.419s] INFO:colcon.colcon_core.shell:Creating package script '/home/jimmy/dev_ws/install/my_bot/share/my_bot/package.bash'
[0.419s] INFO:colcon.colcon_core.shell:Creating package script '/home/jimmy/dev_ws/install/my_bot/share/my_bot/package.zsh'
[0.419s] Level 1:colcon.colcon_core.environment:create_file_with_runtime_dependencies(/home/jimmy/dev_ws/install/my_bot/share/colcon-core/packages/my_bot)
[0.419s] DEBUG:colcon.colcon_parallel_executor.executor.parallel:closing loop
[0.419s] DEBUG:colcon.colcon_parallel_executor.executor.parallel:loop closed
[0.419s] DEBUG:colcon.colcon_parallel_executor.executor.parallel:run_until_complete finished with '0'
[0.419s] DEBUG:colcon.colcon_core.event_reactor:joining thread
[0.423s] INFO:colcon.colcon_core.plugin_system:Skipping extension 'colcon_notification.desktop_notification.terminal_notifier': Not used on non-Darwin systems
[0.423s] INFO:colcon.colcon_core.plugin_system:Skipping extension 'colcon_notification.desktop_notification.win32': Not used on non-Windows systems
[0.423s] INFO:colcon.colcon_notification.desktop_notification:Sending desktop notification using 'notify2'
[0.440s] DEBUG:colcon.colcon_core.event_reactor:joined thread
[0.441s] INFO:colcon.colcon_core.shell:Creating prefix script '/home/jimmy/dev_ws/install/local_setup.ps1'
[0.444s] INFO:colcon.colcon_core.shell:Creating prefix util module '/home/jimmy/dev_ws/install/_local_setup_util_ps1.py'
[0.446s] INFO:colcon.colcon_core.shell:Creating prefix chain script '/home/jimmy/dev_ws/install/setup.ps1'
[0.448s] INFO:colcon.colcon_core.shell:Creating prefix script '/home/jimmy/dev_ws/install/local_setup.sh'
[0.449s] INFO:colcon.colcon_core.shell:Creating prefix util module '/home/jimmy/dev_ws/install/_local_setup_util_sh.py'
[0.450s] INFO:colcon.colcon_core.shell:Creating prefix chain script '/home/jimmy/dev_ws/install/setup.sh'
[0.451s] INFO:colcon.colcon_core.shell:Creating prefix script '/home/jimmy/dev_ws/install/local_setup.bash'
[0.451s] INFO:colcon.colcon_core.shell:Creating prefix chain script '/home/jimmy/dev_ws/install/setup.bash'
[0.458s] INFO:colcon.colcon_core.shell:Creating prefix script '/home/jimmy/dev_ws/install/local_setup.zsh'
[0.459s] INFO:colcon.colcon_core.shell:Creating prefix chain script '/home/jimmy/dev_ws/install/setup.zsh'
